2017-11-17 12:42:11 2017-11-17 12:42:11,564 [main] INFO  com.auto.Automation  - TestSuit:1
2017-11-17 12:42:11 2017-11-17 12:42:11,564 [main] INFO  com.auto.Automation  - TestSuit:LoginTestcases
2017-11-17 12:42:11 2017-11-17 12:42:11,564 [main] INFO  com.auto.Automation  - TestSuit:Y
2017-11-17 12:42:11 2017-11-17 12:42:11,660 [main] INFO  com.auto.Automation  - TestCases:1
2017-11-17 12:42:11 2017-11-17 12:42:11,660 [main] INFO  com.auto.Automation  - TestCases:TC1
2017-11-17 12:42:11 2017-11-17 12:42:11,660 [main] INFO  com.auto.Automation  - TestCases:Login with correct username and password
2017-11-17 12:42:11 2017-11-17 12:42:11,660 [main] INFO  com.auto.Automation  - TestCases:Y
2017-11-17 12:42:31 2017-11-17 12:42:31,859 [main] INFO  com.auto.Automation  - snoTestSteps:1
2017-11-17 12:42:31 2017-11-17 12:42:31,859 [main] INFO  com.auto.Automation  - desTestSteps:Open url
2017-11-17 12:42:31 2017-11-17 12:42:31,859 [main] INFO  com.auto.Automation  - xpathTestSteps:
2017-11-17 12:42:31 2017-11-17 12:42:31,859 [main] INFO  com.auto.Automation  - value:https://login.live.com
2017-11-17 12:42:31 2017-11-17 12:42:31,859 [main] INFO  com.auto.Automation  - keywordTestSteps:url
2017-11-17 12:42:41 2017-11-17 12:42:41,358 [main] INFO  com.auto.CommonFuntionsLib  - Url is opened sucessfully
2017-11-17 12:42:41 2017-11-17 12:42:41,358 [main] INFO  com.auto.Automation  - snoTestSteps:1
2017-11-17 12:42:41 2017-11-17 12:42:41,358 [main] INFO  com.auto.Automation  - desTestSteps:Enter correct Username
2017-11-17 12:42:41 2017-11-17 12:42:41,358 [main] INFO  com.auto.Automation  - xpathTestSteps://input[@id='i0116']
2017-11-17 12:42:41 2017-11-17 12:42:41,358 [main] INFO  com.auto.Automation  - value:Gurdeepsinghiet@gmail.com
2017-11-17 12:42:41 2017-11-17 12:42:41,373 [main] INFO  com.auto.Automation  - keywordTestSteps:input
2017-11-17 12:42:42 2017-11-17 12:42:42,448 [main] INFO  com.auto.CommonFuntionsLib  - Input is performed sucessfully
2017-11-17 12:42:42 2017-11-17 12:42:42,448 [main] INFO  com.auto.Automation  - snoTestSteps:2
2017-11-17 12:42:42 2017-11-17 12:42:42,449 [main] INFO  com.auto.Automation  - desTestSteps:Sleep 
2017-11-17 12:42:42 2017-11-17 12:42:42,449 [main] INFO  com.auto.Automation  - xpathTestSteps:
2017-11-17 12:42:42 2017-11-17 12:42:42,449 [main] INFO  com.auto.Automation  - value:10
2017-11-17 12:42:42 2017-11-17 12:42:42,449 [main] INFO  com.auto.Automation  - keywordTestSteps:sleep
2017-11-17 12:42:47 2017-11-17 12:42:47,460 [main] INFO  com.auto.CommonFuntionsLib  - sleep is done sucessfully
2017-11-17 12:42:47 2017-11-17 12:42:47,461 [main] INFO  com.auto.Automation  - snoTestSteps:2
2017-11-17 12:42:47 2017-11-17 12:42:47,461 [main] INFO  com.auto.Automation  - desTestSteps:Click on Next Button
2017-11-17 12:42:47 2017-11-17 12:42:47,462 [main] INFO  com.auto.Automation  - xpathTestSteps://input[@id='idSIButton9']
2017-11-17 12:42:47 2017-11-17 12:42:47,462 [main] INFO  com.auto.Automation  - value:
2017-11-17 12:42:47 2017-11-17 12:42:47,462 [main] INFO  com.auto.Automation  - keywordTestSteps:click
2017-11-17 12:42:47 2017-11-17 12:42:47,901 [main] INFO  com.auto.CommonFuntionsLib  - Click is performed sucessfully
2017-11-17 12:42:47 2017-11-17 12:42:47,901 [main] INFO  com.auto.Automation  - snoTestSteps:2
2017-11-17 12:42:47 2017-11-17 12:42:47,901 [main] INFO  com.auto.Automation  - desTestSteps:Sllep 
2017-11-17 12:42:47 2017-11-17 12:42:47,901 [main] INFO  com.auto.Automation  - xpathTestSteps:
2017-11-17 12:42:47 2017-11-17 12:42:47,901 [main] INFO  com.auto.Automation  - value:10
2017-11-17 12:42:47 2017-11-17 12:42:47,901 [main] INFO  com.auto.Automation  - keywordTestSteps:sleep
2017-11-17 12:42:52 2017-11-17 12:42:52,904 [main] INFO  com.auto.CommonFuntionsLib  - sleep is done sucessfully
2017-11-17 12:42:52 2017-11-17 12:42:52,905 [main] INFO  com.auto.Automation  - snoTestSteps:3
2017-11-17 12:42:52 2017-11-17 12:42:52,905 [main] INFO  com.auto.Automation  - desTestSteps:Enter incorrect Password
2017-11-17 12:42:52 2017-11-17 12:42:52,905 [main] INFO  com.auto.Automation  - xpathTestSteps://input[@id='i0118']
2017-11-17 12:42:52 2017-11-17 12:42:52,905 [main] INFO  com.auto.Automation  - value:#dhm123
2017-11-17 12:42:52 2017-11-17 12:42:52,906 [main] INFO  com.auto.Automation  - keywordTestSteps:input
2017-11-17 12:42:52 2017-11-17 12:42:52,968 [main] INFO  com.auto.CommonFuntionsLib  - Input is performed sucessfully
2017-11-17 12:42:52 2017-11-17 12:42:52,968 [main] INFO  com.auto.Automation  - snoTestSteps:2
2017-11-17 12:42:52 2017-11-17 12:42:52,968 [main] INFO  com.auto.Automation  - desTestSteps:Sleep 
2017-11-17 12:42:52 2017-11-17 12:42:52,968 [main] INFO  com.auto.Automation  - xpathTestSteps:
2017-11-17 12:42:52 2017-11-17 12:42:52,968 [main] INFO  com.auto.Automation  - value:10
2017-11-17 12:42:52 2017-11-17 12:42:52,968 [main] INFO  com.auto.Automation  - keywordTestSteps:sleep
2017-11-17 12:42:57 2017-11-17 12:42:57,969 [main] INFO  com.auto.CommonFuntionsLib  - sleep is done sucessfully
2017-11-17 12:42:57 2017-11-17 12:42:57,969 [main] INFO  com.auto.Automation  - snoTestSteps:3
2017-11-17 12:42:57 2017-11-17 12:42:57,971 [main] INFO  com.auto.Automation  - desTestSteps:Close Browser
2017-11-17 12:42:57 2017-11-17 12:42:57,971 [main] INFO  com.auto.Automation  - xpathTestSteps:
2017-11-17 12:42:57 2017-11-17 12:42:57,971 [main] INFO  com.auto.Automation  - value:
2017-11-17 12:42:57 2017-11-17 12:42:57,972 [main] INFO  com.auto.Automation  - keywordTestSteps:CloseBrowser
2017-11-17 12:42:58 2017-11-17 12:42:58,143 [main] INFO  com.auto.CommonFuntionsLib  - Browser is closed sucessfully
2017-11-17 12:42:58 2017-11-17 12:42:58,143 [main] INFO  com.auto.Automation  - TestCases:2
2017-11-17 12:42:58 2017-11-17 12:42:58,143 [main] INFO  com.auto.Automation  - TestCases:TC2
2017-11-17 12:42:58 2017-11-17 12:42:58,143 [main] INFO  com.auto.Automation  - TestCases:Login with incorrect username and password
2017-11-17 12:42:58 2017-11-17 12:42:58,143 [main] INFO  com.auto.Automation  - TestCases:Y
2017-11-17 12:43:04 2017-11-17 12:43:04,278 [main] INFO  com.auto.Automation  - snoTestSteps:1
2017-11-17 12:43:04 2017-11-17 12:43:04,278 [main] INFO  com.auto.Automation  - desTestSteps:Open url
2017-11-17 12:43:04 2017-11-17 12:43:04,293 [main] INFO  com.auto.Automation  - xpathTestSteps:
2017-11-17 12:43:04 2017-11-17 12:43:04,293 [main] INFO  com.auto.Automation  - value:https://login.live.com
2017-11-17 12:43:04 2017-11-17 12:43:04,293 [main] INFO  com.auto.Automation  - keywordTestSteps:url
2017-11-17 12:43:25 2017-11-17 12:43:25,299 [main] INFO  com.auto.CommonFuntionsLib  - Url is opened sucessfully
2017-11-17 12:43:25 2017-11-17 12:43:25,299 [main] INFO  com.auto.Automation  - snoTestSteps:2
2017-11-17 12:43:25 2017-11-17 12:43:25,299 [main] INFO  com.auto.Automation  - desTestSteps:Sleep 
2017-11-17 12:43:25 2017-11-17 12:43:25,299 [main] INFO  com.auto.Automation  - xpathTestSteps:
2017-11-17 12:43:25 2017-11-17 12:43:25,299 [main] INFO  com.auto.Automation  - value:10
2017-11-17 12:43:25 2017-11-17 12:43:25,299 [main] INFO  com.auto.Automation  - keywordTestSteps:sleep
2017-11-17 12:43:30 2017-11-17 12:43:30,308 [main] INFO  com.auto.CommonFuntionsLib  - sleep is done sucessfully
2017-11-17 12:43:30 2017-11-17 12:43:30,308 [main] INFO  com.auto.Automation  - snoTestSteps:1
2017-11-17 12:43:30 2017-11-17 12:43:30,309 [main] INFO  com.auto.Automation  - desTestSteps:Enter incorrect Username
2017-11-17 12:43:30 2017-11-17 12:43:30,309 [main] INFO  com.auto.Automation  - xpathTestSteps://input[@id='i0116']
2017-11-17 12:43:30 2017-11-17 12:43:30,309 [main] INFO  com.auto.Automation  - value:jack25@hotmail.com
2017-11-17 12:43:30 2017-11-17 12:43:30,309 [main] INFO  com.auto.Automation  - keywordTestSteps:input
2017-11-17 12:43:30 2017-11-17 12:43:30,466 [main] INFO  com.auto.CommonFuntionsLib  - Input is performed sucessfully
2017-11-17 12:43:30 2017-11-17 12:43:30,466 [main] INFO  com.auto.Automation  - snoTestSteps:2
2017-11-17 12:43:30 2017-11-17 12:43:30,466 [main] INFO  com.auto.Automation  - desTestSteps:Click on Next Button
2017-11-17 12:43:30 2017-11-17 12:43:30,466 [main] INFO  com.auto.Automation  - xpathTestSteps://input[@id='idSIButton9']
2017-11-17 12:43:30 2017-11-17 12:43:30,466 [main] INFO  com.auto.Automation  - value:
2017-11-17 12:43:30 2017-11-17 12:43:30,482 [main] INFO  com.auto.Automation  - keywordTestSteps:click
2017-11-17 12:43:30 2017-11-17 12:43:30,747 [main] INFO  com.auto.CommonFuntionsLib  - Click is performed sucessfully
2017-11-17 12:43:30 2017-11-17 12:43:30,747 [main] INFO  com.auto.Automation  - snoTestSteps:2
2017-11-17 12:43:30 2017-11-17 12:43:30,747 [main] INFO  com.auto.Automation  - desTestSteps:Sleep 
2017-11-17 12:43:30 2017-11-17 12:43:30,747 [main] INFO  com.auto.Automation  - xpathTestSteps:
2017-11-17 12:43:30 2017-11-17 12:43:30,747 [main] INFO  com.auto.Automation  - value:10
2017-11-17 12:43:30 2017-11-17 12:43:30,747 [main] INFO  com.auto.Automation  - keywordTestSteps:sleep
2017-11-17 12:43:35 2017-11-17 12:43:35,759 [main] INFO  com.auto.CommonFuntionsLib  - sleep is done sucessfully
2017-11-17 12:43:35 2017-11-17 12:43:35,759 [main] INFO  com.auto.Automation  - snoTestSteps:3
2017-11-17 12:43:35 2017-11-17 12:43:35,759 [main] INFO  com.auto.Automation  - desTestSteps:Enter incorrect Password
2017-11-17 12:43:35 2017-11-17 12:43:35,759 [main] INFO  com.auto.Automation  - xpathTestSteps://input[@id='i0118']
2017-11-17 12:43:35 2017-11-17 12:43:35,759 [main] INFO  com.auto.Automation  - value:#dhm123
2017-11-17 12:43:35 2017-11-17 12:43:35,759 [main] INFO  com.auto.Automation  - keywordTestSteps:input
2017-11-17 12:43:35 2017-11-17 12:43:35,816 [main] INFO  com.auto.CommonFuntionsLib  - Input is performed sucessfully
2017-11-17 12:43:35 2017-11-17 12:43:35,816 [main] INFO  com.auto.Automation  - snoTestSteps:2
2017-11-17 12:43:35 2017-11-17 12:43:35,816 [main] INFO  com.auto.Automation  - desTestSteps:Sleep 
2017-11-17 12:43:35 2017-11-17 12:43:35,816 [main] INFO  com.auto.Automation  - xpathTestSteps:
2017-11-17 12:43:35 2017-11-17 12:43:35,816 [main] INFO  com.auto.Automation  - value:10
2017-11-17 12:43:35 2017-11-17 12:43:35,816 [main] INFO  com.auto.Automation  - keywordTestSteps:sleep
2017-11-17 12:43:40 2017-11-17 12:43:40,824 [main] INFO  com.auto.CommonFuntionsLib  - sleep is done sucessfully
2017-11-17 12:43:40 2017-11-17 12:43:40,825 [main] INFO  com.auto.Automation  - snoTestSteps:3
2017-11-17 12:43:40 2017-11-17 12:43:40,825 [main] INFO  com.auto.Automation  - desTestSteps:Close Browser
2017-11-17 12:43:40 2017-11-17 12:43:40,825 [main] INFO  com.auto.Automation  - xpathTestSteps:
2017-11-17 12:43:40 2017-11-17 12:43:40,825 [main] INFO  com.auto.Automation  - value:
2017-11-17 12:43:40 2017-11-17 12:43:40,825 [main] INFO  com.auto.Automation  - keywordTestSteps:CloseBrowser
2017-11-17 12:43:40 2017-11-17 12:43:40,935 [main] INFO  com.auto.CommonFuntionsLib  - Browser is closed sucessfully
2017-11-17 12:43:40 2017-11-17 12:43:40,935 [main] INFO  com.auto.Automation  - TestCases:3
2017-11-17 12:43:40 2017-11-17 12:43:40,935 [main] INFO  com.auto.Automation  - TestCases:TC3
2017-11-17 12:43:40 2017-11-17 12:43:40,935 [main] INFO  com.auto.Automation  - TestCases:Login with empty username and password
2017-11-17 12:43:40 2017-11-17 12:43:40,935 [main] INFO  com.auto.Automation  - TestCases:Y
2017-11-17 12:43:47 2017-11-17 12:43:47,699 [main] INFO  com.auto.Automation  - snoTestSteps:1
2017-11-17 12:43:47 2017-11-17 12:43:47,700 [main] INFO  com.auto.Automation  - desTestSteps:Open url
2017-11-17 12:43:47 2017-11-17 12:43:47,700 [main] INFO  com.auto.Automation  - xpathTestSteps:
2017-11-17 12:43:47 2017-11-17 12:43:47,700 [main] INFO  com.auto.Automation  - value:https://login.live.com
2017-11-17 12:43:47 2017-11-17 12:43:47,700 [main] INFO  com.auto.Automation  - keywordTestSteps:url
2017-11-17 12:43:53 2017-11-17 12:43:53,224 [main] INFO  com.auto.CommonFuntionsLib  - Url is opened sucessfully
2017-11-17 12:43:53 2017-11-17 12:43:53,224 [main] INFO  com.auto.Automation  - snoTestSteps:2
2017-11-17 12:43:53 2017-11-17 12:43:53,224 [main] INFO  com.auto.Automation  - desTestSteps:Enter empty Username
2017-11-17 12:43:53 2017-11-17 12:43:53,231 [main] INFO  com.auto.Automation  - xpathTestSteps://input[@id='i0116']
2017-11-17 12:43:53 2017-11-17 12:43:53,231 [main] INFO  com.auto.Automation  - value:kkkkkkk
2017-11-17 12:43:53 2017-11-17 12:43:53,231 [main] INFO  com.auto.Automation  - keywordTestSteps:input
2017-11-17 12:43:53 2017-11-17 12:43:53,373 [main] INFO  com.auto.CommonFuntionsLib  - Input is performed sucessfully
2017-11-17 12:43:53 2017-11-17 12:43:53,373 [main] INFO  com.auto.Automation  - snoTestSteps:2
2017-11-17 12:43:53 2017-11-17 12:43:53,373 [main] INFO  com.auto.Automation  - desTestSteps:Sleep 
2017-11-17 12:43:53 2017-11-17 12:43:53,373 [main] INFO  com.auto.Automation  - xpathTestSteps:
2017-11-17 12:43:53 2017-11-17 12:43:53,373 [main] INFO  com.auto.Automation  - value:10
2017-11-17 12:43:53 2017-11-17 12:43:53,373 [main] INFO  com.auto.Automation  - keywordTestSteps:sleep
2017-11-17 12:43:58 2017-11-17 12:43:58,373 [main] INFO  com.auto.CommonFuntionsLib  - sleep is done sucessfully
2017-11-17 12:43:58 2017-11-17 12:43:58,373 [main] INFO  com.auto.Automation  - snoTestSteps:3
2017-11-17 12:43:58 2017-11-17 12:43:58,373 [main] INFO  com.auto.Automation  - desTestSteps:Click on Next Button
2017-11-17 12:43:58 2017-11-17 12:43:58,373 [main] INFO  com.auto.Automation  - xpathTestSteps://input[@id='idSIButton9']
2017-11-17 12:43:58 2017-11-17 12:43:58,373 [main] INFO  com.auto.Automation  - value:
2017-11-17 12:43:58 2017-11-17 12:43:58,374 [main] INFO  com.auto.Automation  - keywordTestSteps:click
2017-11-17 12:43:58 2017-11-17 12:43:58,641 [main] INFO  com.auto.CommonFuntionsLib  - Click is performed sucessfully
2017-11-17 12:43:58 2017-11-17 12:43:58,641 [main] INFO  com.auto.Automation  - snoTestSteps:2
2017-11-17 12:43:58 2017-11-17 12:43:58,641 [main] INFO  com.auto.Automation  - desTestSteps:Sleep 
2017-11-17 12:43:58 2017-11-17 12:43:58,641 [main] INFO  com.auto.Automation  - xpathTestSteps:
2017-11-17 12:43:58 2017-11-17 12:43:58,641 [main] INFO  com.auto.Automation  - value:10
2017-11-17 12:43:58 2017-11-17 12:43:58,641 [main] INFO  com.auto.Automation  - keywordTestSteps:sleep
2017-11-17 12:44:03 2017-11-17 12:44:03,641 [main] INFO  com.auto.CommonFuntionsLib  - sleep is done sucessfully
2017-11-17 12:44:03 2017-11-17 12:44:03,641 [main] INFO  com.auto.Automation  - snoTestSteps:4
2017-11-17 12:44:03 2017-11-17 12:44:03,643 [main] INFO  com.auto.Automation  - desTestSteps:Enter empty Password
2017-11-17 12:44:03 2017-11-17 12:44:03,643 [main] INFO  com.auto.Automation  - xpathTestSteps://input[@id='i0118']
2017-11-17 12:44:03 2017-11-17 12:44:03,643 [main] INFO  com.auto.Automation  - value:llllll
2017-11-17 12:44:03 2017-11-17 12:44:03,644 [main] INFO  com.auto.Automation  - keywordTestSteps:input
2017-11-17 12:44:03 2017-11-17 12:44:03,735 [main] INFO  com.auto.CommonFuntionsLib  - Input is performed sucessfully
2017-11-17 12:44:03 2017-11-17 12:44:03,735 [main] INFO  com.auto.Automation  - snoTestSteps:2
2017-11-17 12:44:03 2017-11-17 12:44:03,735 [main] INFO  com.auto.Automation  - desTestSteps:Sleep 
2017-11-17 12:44:03 2017-11-17 12:44:03,735 [main] INFO  com.auto.Automation  - xpathTestSteps:
2017-11-17 12:44:03 2017-11-17 12:44:03,735 [main] INFO  com.auto.Automation  - value:10
2017-11-17 12:44:03 2017-11-17 12:44:03,735 [main] INFO  com.auto.Automation  - keywordTestSteps:sleep
2017-11-17 12:44:08 2017-11-17 12:44:08,739 [main] INFO  com.auto.CommonFuntionsLib  - sleep is done sucessfully
2017-11-17 12:44:08 2017-11-17 12:44:08,739 [main] INFO  com.auto.Automation  - snoTestSteps:5
2017-11-17 12:44:08 2017-11-17 12:44:08,739 [main] INFO  com.auto.Automation  - desTestSteps:Click Sign in Button
2017-11-17 12:44:08 2017-11-17 12:44:08,739 [main] INFO  com.auto.Automation  - xpathTestSteps://input[@id='idSIButton9']
2017-11-17 12:44:08 2017-11-17 12:44:08,739 [main] INFO  com.auto.Automation  - value:
2017-11-17 12:44:08 2017-11-17 12:44:08,739 [main] INFO  com.auto.Automation  - keywordTestSteps:click
2017-11-17 12:44:12 2017-11-17 12:44:12,038 [main] INFO  com.auto.CommonFuntionsLib  - Click is performed sucessfully
2017-11-17 12:44:12 2017-11-17 12:44:12,038 [main] INFO  com.auto.Automation  - snoTestSteps:2
2017-11-17 12:44:12 2017-11-17 12:44:12,038 [main] INFO  com.auto.Automation  - desTestSteps:Sleep 
2017-11-17 12:44:12 2017-11-17 12:44:12,038 [main] INFO  com.auto.Automation  - xpathTestSteps:
2017-11-17 12:44:12 2017-11-17 12:44:12,038 [main] INFO  com.auto.Automation  - value:10
2017-11-17 12:44:12 2017-11-17 12:44:12,038 [main] INFO  com.auto.Automation  - keywordTestSteps:sleep
2017-11-17 12:44:17 2017-11-17 12:44:17,047 [main] INFO  com.auto.CommonFuntionsLib  - sleep is done sucessfully
2017-11-17 12:44:17 2017-11-17 12:44:17,048 [main] INFO  com.auto.Automation  - snoTestSteps:3
2017-11-17 12:44:17 2017-11-17 12:44:17,048 [main] INFO  com.auto.Automation  - desTestSteps:Close Browser
2017-11-17 12:44:17 2017-11-17 12:44:17,048 [main] INFO  com.auto.Automation  - xpathTestSteps:
2017-11-17 12:44:17 2017-11-17 12:44:17,048 [main] INFO  com.auto.Automation  - value:
2017-11-17 12:44:17 2017-11-17 12:44:17,048 [main] INFO  com.auto.Automation  - keywordTestSteps:CloseBrowser
2017-11-17 12:44:17 2017-11-17 12:44:17,174 [main] INFO  com.auto.CommonFuntionsLib  - Browser is closed sucessfully
2017-11-17 13:05:14 2017-11-17 13:05:14,803 [main] INFO  com.auto.Automation  - TestSuit:1
2017-11-17 13:05:14 2017-11-17 13:05:14,803 [main] INFO  com.auto.Automation  - TestSuit:LoginTestcases
2017-11-17 13:05:14 2017-11-17 13:05:14,803 [main] INFO  com.auto.Automation  - TestSuit:Y
2017-11-17 13:05:14 2017-11-17 13:05:14,849 [main] INFO  com.auto.Automation  - TestCases:1
2017-11-17 13:05:14 2017-11-17 13:05:14,849 [main] INFO  com.auto.Automation  - TestCases:TC1
2017-11-17 13:05:14 2017-11-17 13:05:14,849 [main] INFO  com.auto.Automation  - TestCases:Login with correct username and password
2017-11-17 13:05:14 2017-11-17 13:05:14,849 [main] INFO  com.auto.Automation  - TestCases:Y
2017-11-17 13:05:23 2017-11-17 13:05:23,221 [main] INFO  com.auto.Automation  - snoTestSteps:1
2017-11-17 13:05:23 2017-11-17 13:05:23,221 [main] INFO  com.auto.Automation  - desTestSteps:Open url
2017-11-17 13:05:23 2017-11-17 13:05:23,227 [main] INFO  com.auto.Automation  - xpathTestSteps:
2017-11-17 13:05:23 2017-11-17 13:05:23,227 [main] INFO  com.auto.Automation  - value:https://login.live.com
2017-11-17 13:05:23 2017-11-17 13:05:23,227 [main] INFO  com.auto.Automation  - keywordTestSteps:url
2017-11-17 13:05:28 2017-11-17 13:05:28,229 [main] INFO  com.auto.CommonFuntionsLib  - Url is opened sucessfully
2017-11-17 13:05:28 2017-11-17 13:05:28,229 [main] INFO  com.auto.Automation  - snoTestSteps:1
2017-11-17 13:05:28 2017-11-17 13:05:28,237 [main] INFO  com.auto.Automation  - desTestSteps:Enter correct Username
2017-11-17 13:05:28 2017-11-17 13:05:28,237 [main] INFO  com.auto.Automation  - xpathTestSteps://input[@id='i0116']
2017-11-17 13:05:28 2017-11-17 13:05:28,237 [main] INFO  com.auto.Automation  - value:Gurdeepsinghiet@gmail.com
2017-11-17 13:05:28 2017-11-17 13:05:28,237 [main] INFO  com.auto.Automation  - keywordTestSteps:input
2017-11-17 13:05:28 2017-11-17 13:05:28,396 [main] INFO  com.auto.CommonFuntionsLib  - Input is performed sucessfully
2017-11-17 13:05:28 2017-11-17 13:05:28,396 [main] INFO  com.auto.Automation  - snoTestSteps:2
2017-11-17 13:05:28 2017-11-17 13:05:28,396 [main] INFO  com.auto.Automation  - desTestSteps:Sleep 
2017-11-17 13:05:28 2017-11-17 13:05:28,396 [main] INFO  com.auto.Automation  - xpathTestSteps:
2017-11-17 13:05:28 2017-11-17 13:05:28,396 [main] INFO  com.auto.Automation  - value:10
2017-11-17 13:05:28 2017-11-17 13:05:28,396 [main] INFO  com.auto.Automation  - keywordTestSteps:sleep
2017-11-17 13:05:33 2017-11-17 13:05:33,410 [main] INFO  com.auto.CommonFuntionsLib  - sleep is done sucessfully
2017-11-17 13:05:33 2017-11-17 13:05:33,411 [main] INFO  com.auto.Automation  - snoTestSteps:2
2017-11-17 13:05:33 2017-11-17 13:05:33,411 [main] INFO  com.auto.Automation  - desTestSteps:Click on Next Button
2017-11-17 13:05:33 2017-11-17 13:05:33,412 [main] INFO  com.auto.Automation  - xpathTestSteps://input[@id='idSIButton9']
2017-11-17 13:05:33 2017-11-17 13:05:33,412 [main] INFO  com.auto.Automation  - value:
2017-11-17 13:05:33 2017-11-17 13:05:33,412 [main] INFO  com.auto.Automation  - keywordTestSteps:click
2017-11-17 13:05:33 2017-11-17 13:05:33,709 [main] INFO  com.auto.CommonFuntionsLib  - Click is performed sucessfully
2017-11-17 13:05:33 2017-11-17 13:05:33,709 [main] INFO  com.auto.Automation  - snoTestSteps:2
2017-11-17 13:05:33 2017-11-17 13:05:33,709 [main] INFO  com.auto.Automation  - desTestSteps:Sllep 
2017-11-17 13:05:33 2017-11-17 13:05:33,709 [main] INFO  com.auto.Automation  - xpathTestSteps:
2017-11-17 13:05:33 2017-11-17 13:05:33,709 [main] INFO  com.auto.Automation  - value:10
2017-11-17 13:05:33 2017-11-17 13:05:33,709 [main] INFO  com.auto.Automation  - keywordTestSteps:sleep
2017-11-17 13:05:38 2017-11-17 13:05:38,713 [main] INFO  com.auto.CommonFuntionsLib  - sleep is done sucessfully
2017-11-17 13:05:38 2017-11-17 13:05:38,713 [main] INFO  com.auto.Automation  - snoTestSteps:3
2017-11-17 13:05:38 2017-11-17 13:05:38,714 [main] INFO  com.auto.Automation  - desTestSteps:Enter incorrect Password
2017-11-17 13:05:38 2017-11-17 13:05:38,714 [main] INFO  com.auto.Automation  - xpathTestSteps://input[@id='i0118']
2017-11-17 13:05:38 2017-11-17 13:05:38,714 [main] INFO  com.auto.Automation  - value:#dhm123
2017-11-17 13:05:38 2017-11-17 13:05:38,715 [main] INFO  com.auto.Automation  - keywordTestSteps:input
2017-11-17 13:05:38 2017-11-17 13:05:38,779 [main] INFO  com.auto.CommonFuntionsLib  - Input is performed sucessfully
2017-11-17 13:05:38 2017-11-17 13:05:38,779 [main] INFO  com.auto.Automation  - snoTestSteps:2
2017-11-17 13:05:38 2017-11-17 13:05:38,779 [main] INFO  com.auto.Automation  - desTestSteps:Sleep 
2017-11-17 13:05:38 2017-11-17 13:05:38,779 [main] INFO  com.auto.Automation  - xpathTestSteps:
2017-11-17 13:05:38 2017-11-17 13:05:38,779 [main] INFO  com.auto.Automation  - value:10
2017-11-17 13:05:38 2017-11-17 13:05:38,779 [main] INFO  com.auto.Automation  - keywordTestSteps:sleep
2017-11-17 13:05:43 2017-11-17 13:05:43,793 [main] INFO  com.auto.CommonFuntionsLib  - sleep is done sucessfully
2017-11-17 13:05:43 2017-11-17 13:05:43,793 [main] INFO  com.auto.Automation  - snoTestSteps:5
2017-11-17 13:05:43 2017-11-17 13:05:43,795 [main] INFO  com.auto.Automation  - desTestSteps:Click Sign in Button
2017-11-17 13:05:43 2017-11-17 13:05:43,796 [main] INFO  com.auto.Automation  - xpathTestSteps://input[@id='idSIButton9']
2017-11-17 13:05:43 2017-11-17 13:05:43,797 [main] INFO  com.auto.Automation  - value:
2017-11-17 13:05:43 2017-11-17 13:05:43,797 [main] INFO  com.auto.Automation  - keywordTestSteps:click
2017-11-17 13:05:48 2017-11-17 13:05:48,213 [main] INFO  com.auto.CommonFuntionsLib  - Click is performed sucessfully
2017-11-17 13:05:48 2017-11-17 13:05:48,214 [main] INFO  com.auto.Automation  - snoTestSteps:2
2017-11-17 13:05:48 2017-11-17 13:05:48,214 [main] INFO  com.auto.Automation  - desTestSteps:Sleep 
2017-11-17 13:05:48 2017-11-17 13:05:48,214 [main] INFO  com.auto.Automation  - xpathTestSteps:
2017-11-17 13:05:48 2017-11-17 13:05:48,214 [main] INFO  com.auto.Automation  - value:10
2017-11-17 13:05:48 2017-11-17 13:05:48,214 [main] INFO  com.auto.Automation  - keywordTestSteps:sleep
2017-11-17 13:05:53 2017-11-17 13:05:53,218 [main] INFO  com.auto.CommonFuntionsLib  - sleep is done sucessfully
2017-11-17 13:05:53 2017-11-17 13:05:53,218 [main] INFO  com.auto.Automation  - snoTestSteps:2
2017-11-17 13:05:53 2017-11-17 13:05:53,219 [main] INFO  com.auto.Automation  - desTestSteps:Verift the text
2017-11-17 13:05:53 2017-11-17 13:05:53,219 [main] INFO  com.auto.Automation  - xpathTestSteps://div[@id='passwordError']
2017-11-17 13:05:53 2017-11-17 13:05:53,219 [main] INFO  com.auto.Automation  - value:Sign is blocked
2017-11-17 13:05:53 2017-11-17 13:05:53,220 [main] INFO  com.auto.Automation  - keywordTestSteps:VerifyText
2017-11-17 13:05:53 2017-11-17 13:05:53,330 [main] INFO  com.auto.CommonFuntionsLib  - verify text faile
2017-11-17 13:05:53 2017-11-17 13:05:53,330 [main] INFO  com.auto.Automation  - snoTestSteps:3
2017-11-17 13:05:53 2017-11-17 13:05:53,330 [main] INFO  com.auto.Automation  - desTestSteps:Close Browser
2017-11-17 13:05:53 2017-11-17 13:05:53,330 [main] INFO  com.auto.Automation  - xpathTestSteps:
2017-11-17 13:05:53 2017-11-17 13:05:53,330 [main] INFO  com.auto.Automation  - value:
2017-11-17 13:05:53 2017-11-17 13:05:53,330 [main] INFO  com.auto.Automation  - keywordTestSteps:CloseBrowser
2017-11-17 13:05:53 2017-11-17 13:05:53,455 [main] INFO  com.auto.CommonFuntionsLib  - Browser is closed sucessfully
2017-11-17 13:05:53 2017-11-17 13:05:53,455 [main] INFO  com.auto.Automation  - TestCases:2
2017-11-17 13:05:53 2017-11-17 13:05:53,455 [main] INFO  com.auto.Automation  - TestCases:TC2
2017-11-17 13:05:53 2017-11-17 13:05:53,455 [main] INFO  com.auto.Automation  - TestCases:Login with incorrect username and password
2017-11-17 13:05:53 2017-11-17 13:05:53,455 [main] INFO  com.auto.Automation  - TestCases:Y
2017-11-17 13:05:59 2017-11-17 13:05:59,635 [main] INFO  com.auto.Automation  - snoTestSteps:1
2017-11-17 13:05:59 2017-11-17 13:05:59,635 [main] INFO  com.auto.Automation  - desTestSteps:Open url
2017-11-17 13:05:59 2017-11-17 13:05:59,635 [main] INFO  com.auto.Automation  - xpathTestSteps:
2017-11-17 13:05:59 2017-11-17 13:05:59,635 [main] INFO  com.auto.Automation  - value:https://login.live.com
2017-11-17 13:05:59 2017-11-17 13:05:59,635 [main] INFO  com.auto.Automation  - keywordTestSteps:url
2017-11-17 13:06:09 2017-11-17 13:06:09,208 [main] INFO  com.auto.CommonFuntionsLib  - Url is opened sucessfully
2017-11-17 13:06:09 2017-11-17 13:06:09,209 [main] INFO  com.auto.Automation  - snoTestSteps:2
2017-11-17 13:06:09 2017-11-17 13:06:09,209 [main] INFO  com.auto.Automation  - desTestSteps:Sleep 
2017-11-17 13:06:09 2017-11-17 13:06:09,209 [main] INFO  com.auto.Automation  - xpathTestSteps:
2017-11-17 13:06:09 2017-11-17 13:06:09,209 [main] INFO  com.auto.Automation  - value:10
2017-11-17 13:06:09 2017-11-17 13:06:09,209 [main] INFO  com.auto.Automation  - keywordTestSteps:sleep
2017-11-17 13:06:14 2017-11-17 13:06:14,223 [main] INFO  com.auto.CommonFuntionsLib  - sleep is done sucessfully
2017-11-17 13:06:14 2017-11-17 13:06:14,223 [main] INFO  com.auto.Automation  - snoTestSteps:1
2017-11-17 13:06:14 2017-11-17 13:06:14,224 [main] INFO  com.auto.Automation  - desTestSteps:Enter incorrect Username
2017-11-17 13:06:14 2017-11-17 13:06:14,224 [main] INFO  com.auto.Automation  - xpathTestSteps://input[@id='i0116']
2017-11-17 13:06:14 2017-11-17 13:06:14,224 [main] INFO  com.auto.Automation  - value:jack25@hotmail.com
2017-11-17 13:06:14 2017-11-17 13:06:14,224 [main] INFO  com.auto.Automation  - keywordTestSteps:input
2017-11-17 13:06:14 2017-11-17 13:06:14,382 [main] INFO  com.auto.CommonFuntionsLib  - Input is performed sucessfully
2017-11-17 13:06:14 2017-11-17 13:06:14,382 [main] INFO  com.auto.Automation  - snoTestSteps:2
2017-11-17 13:06:14 2017-11-17 13:06:14,382 [main] INFO  com.auto.Automation  - desTestSteps:Click on Next Button
2017-11-17 13:06:14 2017-11-17 13:06:14,382 [main] INFO  com.auto.Automation  - xpathTestSteps://input[@id='idSIButton9']
2017-11-17 13:06:14 2017-11-17 13:06:14,382 [main] INFO  com.auto.Automation  - value:
2017-11-17 13:06:14 2017-11-17 13:06:14,382 [main] INFO  com.auto.Automation  - keywordTestSteps:click
2017-11-17 13:06:14 2017-11-17 13:06:14,647 [main] INFO  com.auto.CommonFuntionsLib  - Click is performed sucessfully
2017-11-17 13:06:14 2017-11-17 13:06:14,647 [main] INFO  com.auto.Automation  - snoTestSteps:2
2017-11-17 13:06:14 2017-11-17 13:06:14,647 [main] INFO  com.auto.Automation  - desTestSteps:Sleep 
2017-11-17 13:06:14 2017-11-17 13:06:14,647 [main] INFO  com.auto.Automation  - xpathTestSteps:
2017-11-17 13:06:14 2017-11-17 13:06:14,647 [main] INFO  com.auto.Automation  - value:10
2017-11-17 13:06:14 2017-11-17 13:06:14,647 [main] INFO  com.auto.Automation  - keywordTestSteps:sleep
2017-11-17 13:06:19 2017-11-17 13:06:19,649 [main] INFO  com.auto.CommonFuntionsLib  - sleep is done sucessfully
2017-11-17 13:06:19 2017-11-17 13:06:19,649 [main] INFO  com.auto.Automation  - snoTestSteps:3
2017-11-17 13:06:19 2017-11-17 13:06:19,650 [main] INFO  com.auto.Automation  - desTestSteps:Enter incorrect Password
2017-11-17 13:06:19 2017-11-17 13:06:19,650 [main] INFO  com.auto.Automation  - xpathTestSteps://input[@id='i0118']
2017-11-17 13:06:19 2017-11-17 13:06:19,650 [main] INFO  com.auto.Automation  - value:#dhm123
2017-11-17 13:06:19 2017-11-17 13:06:19,650 [main] INFO  com.auto.Automation  - keywordTestSteps:input
2017-11-17 13:06:19 2017-11-17 13:06:19,698 [main] INFO  com.auto.CommonFuntionsLib  - Input is performed sucessfully
2017-11-17 13:06:19 2017-11-17 13:06:19,698 [main] INFO  com.auto.Automation  - snoTestSteps:2
2017-11-17 13:06:19 2017-11-17 13:06:19,698 [main] INFO  com.auto.Automation  - desTestSteps:Sleep 
2017-11-17 13:06:19 2017-11-17 13:06:19,698 [main] INFO  com.auto.Automation  - xpathTestSteps:
2017-11-17 13:06:19 2017-11-17 13:06:19,698 [main] INFO  com.auto.Automation  - value:10
2017-11-17 13:06:19 2017-11-17 13:06:19,698 [main] INFO  com.auto.Automation  - keywordTestSteps:sleep
2017-11-17 13:06:24 2017-11-17 13:06:24,700 [main] INFO  com.auto.CommonFuntionsLib  - sleep is done sucessfully
2017-11-17 13:06:24 2017-11-17 13:06:24,701 [main] INFO  com.auto.Automation  - snoTestSteps:3
2017-11-17 13:06:24 2017-11-17 13:06:24,701 [main] INFO  com.auto.Automation  - desTestSteps:Close Browser
2017-11-17 13:06:24 2017-11-17 13:06:24,701 [main] INFO  com.auto.Automation  - xpathTestSteps:
2017-11-17 13:06:24 2017-11-17 13:06:24,701 [main] INFO  com.auto.Automation  - value:
2017-11-17 13:06:24 2017-11-17 13:06:24,701 [main] INFO  com.auto.Automation  - keywordTestSteps:CloseBrowser
2017-11-17 13:06:24 2017-11-17 13:06:24,811 [main] INFO  com.auto.CommonFuntionsLib  - Browser is closed sucessfully
2017-11-17 13:06:24 2017-11-17 13:06:24,811 [main] INFO  com.auto.Automation  - TestCases:3
2017-11-17 13:06:24 2017-11-17 13:06:24,811 [main] INFO  com.auto.Automation  - TestCases:TC3
2017-11-17 13:06:24 2017-11-17 13:06:24,811 [main] INFO  com.auto.Automation  - TestCases:Login with empty username and password
2017-11-17 13:06:24 2017-11-17 13:06:24,811 [main] INFO  com.auto.Automation  - TestCases:Y
2017-11-17 13:06:31 2017-11-17 13:06:31,548 [main] INFO  com.auto.Automation  - snoTestSteps:1
2017-11-17 13:06:31 2017-11-17 13:06:31,553 [main] INFO  com.auto.Automation  - desTestSteps:Open url
2017-11-17 13:06:31 2017-11-17 13:06:31,553 [main] INFO  com.auto.Automation  - xpathTestSteps:
2017-11-17 13:06:31 2017-11-17 13:06:31,553 [main] INFO  com.auto.Automation  - value:https://login.live.com
2017-11-17 13:06:31 2017-11-17 13:06:31,553 [main] INFO  com.auto.Automation  - keywordTestSteps:url
