2017-11-09 10:41:50 2017-11-09 10:41:50,440 [main] INFO  com.auto.Automation  - automation donr
2017-11-09 10:45:10 2017-11-09 10:45:10,716 [main] INFO  com.auto.Automation  - automation donr
2017-11-09 10:46:34 2017-11-09 10:46:34,510 [Forwarding get on session 11d8d1d8b625154f08b4a98438a6ec83 to remote] DEBUG org.apache.http.client.protocol.RequestAddCookies  - CookieSpec selected: default
2017-11-09 10:46:34 2017-11-09 10:46:34,512 [Forwarding get on session 11d8d1d8b625154f08b4a98438a6ec83 to remote] DEBUG org.apache.http.client.protocol.RequestAuthCache  - Auth cache not set in the context
2017-11-09 10:46:34 2017-11-09 10:46:34,512 [Forwarding get on session 11d8d1d8b625154f08b4a98438a6ec83 to remote] DEBUG org.apache.http.impl.conn.PoolingHttpClientConnectionManager  - Connection request: [route: {}->http://localhost:43035][total kept alive: 0; route allocated: 0 of 2000; total allocated: 0 of 2000]
2017-11-09 10:46:34 2017-11-09 10:46:34,522 [Forwarding get on session 11d8d1d8b625154f08b4a98438a6ec83 to remote] DEBUG org.apache.http.impl.conn.PoolingHttpClientConnectionManager  - Connection leased: [id: 1][route: {}->http://localhost:43035][total kept alive: 0; route allocated: 1 of 2000; total allocated: 1 of 2000]
2017-11-09 10:46:34 2017-11-09 10:46:34,522 [Forwarding get on session 11d8d1d8b625154f08b4a98438a6ec83 to remote] DEBUG org.apache.http.impl.execchain.MainClientExec  - Opening connection {}->http://localhost:43035
2017-11-09 10:46:34 2017-11-09 10:46:34,522 [Forwarding get on session 11d8d1d8b625154f08b4a98438a6ec83 to remote] DEBUG org.apache.http.impl.conn.DefaultHttpClientConnectionOperator  - Connecting to localhost/127.0.0.1:43035
2017-11-09 10:46:34 2017-11-09 10:46:34,523 [Forwarding get on session 11d8d1d8b625154f08b4a98438a6ec83 to remote] DEBUG org.apache.http.impl.conn.DefaultHttpClientConnectionOperator  - Connection established 127.0.0.1:62407<->127.0.0.1:43035
2017-11-09 10:46:34 2017-11-09 10:46:34,523 [Forwarding get on session 11d8d1d8b625154f08b4a98438a6ec83 to remote] DEBUG org.apache.http.impl.conn.DefaultManagedHttpClientConnection  - http-outgoing-1: set socket timeout to 10800000
2017-11-09 10:46:34 2017-11-09 10:46:34,523 [Forwarding get on session 11d8d1d8b625154f08b4a98438a6ec83 to remote] DEBUG org.apache.http.impl.execchain.MainClientExec  - Executing request POST /session/11d8d1d8b625154f08b4a98438a6ec83/url HTTP/1.1
2017-11-09 10:46:34 2017-11-09 10:46:34,524 [Forwarding get on session 11d8d1d8b625154f08b4a98438a6ec83 to remote] DEBUG org.apache.http.impl.execchain.MainClientExec  - Target auth state: UNCHALLENGED
2017-11-09 10:46:34 2017-11-09 10:46:34,524 [Forwarding get on session 11d8d1d8b625154f08b4a98438a6ec83 to remote] DEBUG org.apache.http.impl.execchain.MainClientExec  - Proxy auth state: UNCHALLENGED
2017-11-09 10:46:34 2017-11-09 10:46:34,524 [Forwarding get on session 11d8d1d8b625154f08b4a98438a6ec83 to remote] DEBUG org.apache.http.headers  - http-outgoing-1 >> POST /session/11d8d1d8b625154f08b4a98438a6ec83/url HTTP/1.1
2017-11-09 10:46:34 2017-11-09 10:46:34,524 [Forwarding get on session 11d8d1d8b625154f08b4a98438a6ec83 to remote] DEBUG org.apache.http.headers  - http-outgoing-1 >> Content-Type: application/json; charset=utf-8
2017-11-09 10:46:34 2017-11-09 10:46:34,524 [Forwarding get on session 11d8d1d8b625154f08b4a98438a6ec83 to remote] DEBUG org.apache.http.headers  - http-outgoing-1 >> Content-Length: 354
2017-11-09 10:46:34 2017-11-09 10:46:34,524 [Forwarding get on session 11d8d1d8b625154f08b4a98438a6ec83 to remote] DEBUG org.apache.http.headers  - http-outgoing-1 >> Host: localhost:43035
2017-11-09 10:46:34 2017-11-09 10:46:34,524 [Forwarding get on session 11d8d1d8b625154f08b4a98438a6ec83 to remote] DEBUG org.apache.http.headers  - http-outgoing-1 >> Connection: Keep-Alive
2017-11-09 10:46:34 2017-11-09 10:46:34,525 [Forwarding get on session 11d8d1d8b625154f08b4a98438a6ec83 to remote] DEBUG org.apache.http.headers  - http-outgoing-1 >> User-Agent: Apache-HttpClient/4.5.3 (Java/1.8.0_77)
2017-11-09 10:46:34 2017-11-09 10:46:34,525 [Forwarding get on session 11d8d1d8b625154f08b4a98438a6ec83 to remote] DEBUG org.apache.http.headers  - http-outgoing-1 >> Accept-Encoding: gzip,deflate
2017-11-09 10:46:34 2017-11-09 10:46:34,525 [Forwarding get on session 11d8d1d8b625154f08b4a98438a6ec83 to remote] DEBUG org.apache.http.wire  - http-outgoing-1 >> "POST /session/11d8d1d8b625154f08b4a98438a6ec83/url HTTP/1.1[\r][\n]"
2017-11-09 10:46:34 2017-11-09 10:46:34,525 [Forwarding get on session 11d8d1d8b625154f08b4a98438a6ec83 to remote] DEBUG org.apache.http.wire  - http-outgoing-1 >> "Content-Type: application/json; charset=utf-8[\r][\n]"
2017-11-09 10:46:34 2017-11-09 10:46:34,525 [Forwarding get on session 11d8d1d8b625154f08b4a98438a6ec83 to remote] DEBUG org.apache.http.wire  - http-outgoing-1 >> "Content-Length: 354[\r][\n]"
2017-11-09 10:46:34 2017-11-09 10:46:34,525 [Forwarding get on session 11d8d1d8b625154f08b4a98438a6ec83 to remote] DEBUG org.apache.http.wire  - http-outgoing-1 >> "Host: localhost:43035[\r][\n]"
2017-11-09 10:46:34 2017-11-09 10:46:34,526 [Forwarding get on session 11d8d1d8b625154f08b4a98438a6ec83 to remote] DEBUG org.apache.http.wire  - http-outgoing-1 >> "Connection: Keep-Alive[\r][\n]"
2017-11-09 10:46:34 2017-11-09 10:46:34,526 [Forwarding get on session 11d8d1d8b625154f08b4a98438a6ec83 to remote] DEBUG org.apache.http.wire  - http-outgoing-1 >> "User-Agent: Apache-HttpClient/4.5.3 (Java/1.8.0_77)[\r][\n]"
2017-11-09 10:46:34 2017-11-09 10:46:34,526 [Forwarding get on session 11d8d1d8b625154f08b4a98438a6ec83 to remote] DEBUG org.apache.http.wire  - http-outgoing-1 >> "Accept-Encoding: gzip,deflate[\r][\n]"
2017-11-09 10:46:34 2017-11-09 10:46:34,526 [Forwarding get on session 11d8d1d8b625154f08b4a98438a6ec83 to remote] DEBUG org.apache.http.wire  - http-outgoing-1 >> "[\r][\n]"
2017-11-09 10:46:34 2017-11-09 10:46:34,526 [Forwarding get on session 11d8d1d8b625154f08b4a98438a6ec83 to remote] DEBUG org.apache.http.wire  - http-outgoing-1 >> "{"url":"https://accounts.google.com/signin/v2/identifier?service\u003dmail\u0026passive\u003dtrue\u0026rm\u003dfalse\u0026continue\u003dhttps%3A%2F%2Fmail.google.com%2Fmail%2F\u0026ss\u003d1\u0026scc\u003d1\u0026ltmpl\u003ddefault\u0026ltmplcache\u003d2\u0026emr\u003d1\u0026osid\u003d1\u0026flowName\u003dGlifWebSignIn\u0026flowEntry\u003dServiceLogin"}"
2017-11-09 10:46:39 2017-11-09 10:46:39,372 [Forwarding get on session 11d8d1d8b625154f08b4a98438a6ec83 to remote] DEBUG org.apache.http.wire  - http-outgoing-1 << "HTTP/1.1 200 OK[\r][\n]"
2017-11-09 10:46:39 2017-11-09 10:46:39,372 [Forwarding get on session 11d8d1d8b625154f08b4a98438a6ec83 to remote] DEBUG org.apache.http.wire  - http-outgoing-1 << "Content-Length:72[\r][\n]"
2017-11-09 10:46:39 2017-11-09 10:46:39,372 [Forwarding get on session 11d8d1d8b625154f08b4a98438a6ec83 to remote] DEBUG org.apache.http.wire  - http-outgoing-1 << "Content-Type:application/json; charset=utf-8[\r][\n]"
2017-11-09 10:46:39 2017-11-09 10:46:39,372 [Forwarding get on session 11d8d1d8b625154f08b4a98438a6ec83 to remote] DEBUG org.apache.http.wire  - http-outgoing-1 << "Connection:close[\r][\n]"
2017-11-09 10:46:39 2017-11-09 10:46:39,372 [Forwarding get on session 11d8d1d8b625154f08b4a98438a6ec83 to remote] DEBUG org.apache.http.wire  - http-outgoing-1 << "[\r][\n]"
2017-11-09 10:46:39 2017-11-09 10:46:39,373 [Forwarding get on session 11d8d1d8b625154f08b4a98438a6ec83 to remote] DEBUG org.apache.http.wire  - http-outgoing-1 << "{"sessionId":"11d8d1d8b625154f08b4a98438a6ec83","status":0,"value":null}"
2017-11-09 10:46:39 2017-11-09 10:46:39,373 [Forwarding get on session 11d8d1d8b625154f08b4a98438a6ec83 to remote] DEBUG org.apache.http.headers  - http-outgoing-1 << HTTP/1.1 200 OK
2017-11-09 10:46:39 2017-11-09 10:46:39,374 [Forwarding get on session 11d8d1d8b625154f08b4a98438a6ec83 to remote] DEBUG org.apache.http.headers  - http-outgoing-1 << Content-Length:72
2017-11-09 10:46:39 2017-11-09 10:46:39,374 [Forwarding get on session 11d8d1d8b625154f08b4a98438a6ec83 to remote] DEBUG org.apache.http.headers  - http-outgoing-1 << Content-Type:application/json; charset=utf-8
2017-11-09 10:46:39 2017-11-09 10:46:39,374 [Forwarding get on session 11d8d1d8b625154f08b4a98438a6ec83 to remote] DEBUG org.apache.http.headers  - http-outgoing-1 << Connection:close
2017-11-09 10:46:39 2017-11-09 10:46:39,375 [Forwarding get on session 11d8d1d8b625154f08b4a98438a6ec83 to remote] DEBUG org.apache.http.impl.conn.DefaultManagedHttpClientConnection  - http-outgoing-1: Close connection
2017-11-09 10:46:39 2017-11-09 10:46:39,375 [Forwarding get on session 11d8d1d8b625154f08b4a98438a6ec83 to remote] DEBUG org.apache.http.impl.execchain.MainClientExec  - Connection discarded
2017-11-09 10:46:39 2017-11-09 10:46:39,375 [Forwarding get on session 11d8d1d8b625154f08b4a98438a6ec83 to remote] DEBUG org.apache.http.impl.conn.PoolingHttpClientConnectionManager  - Connection released: [id: 1][route: {}->http://localhost:43035][total kept alive: 0; route allocated: 0 of 2000; total allocated: 0 of 2000]
2017-11-09 10:46:39 2017-11-09 10:46:39,382 [Forwarding findElement on session 11d8d1d8b625154f08b4a98438a6ec83 to remote] DEBUG org.apache.http.client.protocol.RequestAddCookies  - CookieSpec selected: default
2017-11-09 10:46:39 2017-11-09 10:46:39,382 [Forwarding findElement on session 11d8d1d8b625154f08b4a98438a6ec83 to remote] DEBUG org.apache.http.client.protocol.RequestAuthCache  - Auth cache not set in the context
2017-11-09 10:46:39 2017-11-09 10:46:39,382 [Forwarding findElement on session 11d8d1d8b625154f08b4a98438a6ec83 to remote] DEBUG org.apache.http.impl.conn.PoolingHttpClientConnectionManager  - Connection request: [route: {}->http://localhost:43035][total kept alive: 0; route allocated: 0 of 2000; total allocated: 0 of 2000]
2017-11-09 10:46:39 2017-11-09 10:46:39,383 [Forwarding findElement on session 11d8d1d8b625154f08b4a98438a6ec83 to remote] DEBUG org.apache.http.impl.conn.PoolingHttpClientConnectionManager  - Connection leased: [id: 2][route: {}->http://localhost:43035][total kept alive: 0; route allocated: 1 of 2000; total allocated: 1 of 2000]
2017-11-09 10:46:39 2017-11-09 10:46:39,383 [Forwarding findElement on session 11d8d1d8b625154f08b4a98438a6ec83 to remote] DEBUG org.apache.http.impl.execchain.MainClientExec  - Opening connection {}->http://localhost:43035
2017-11-09 10:46:39 2017-11-09 10:46:39,383 [Forwarding findElement on session 11d8d1d8b625154f08b4a98438a6ec83 to remote] DEBUG org.apache.http.impl.conn.DefaultHttpClientConnectionOperator  - Connecting to localhost/127.0.0.1:43035
2017-11-09 10:46:39 2017-11-09 10:46:39,384 [Forwarding findElement on session 11d8d1d8b625154f08b4a98438a6ec83 to remote] DEBUG org.apache.http.impl.conn.DefaultHttpClientConnectionOperator  - Connection established 127.0.0.1:62418<->127.0.0.1:43035
2017-11-09 10:46:39 2017-11-09 10:46:39,384 [Forwarding findElement on session 11d8d1d8b625154f08b4a98438a6ec83 to remote] DEBUG org.apache.http.impl.conn.DefaultManagedHttpClientConnection  - http-outgoing-2: set socket timeout to 10800000
2017-11-09 10:46:39 2017-11-09 10:46:39,384 [Forwarding findElement on session 11d8d1d8b625154f08b4a98438a6ec83 to remote] DEBUG org.apache.http.impl.execchain.MainClientExec  - Executing request POST /session/11d8d1d8b625154f08b4a98438a6ec83/element HTTP/1.1
2017-11-09 10:46:39 2017-11-09 10:46:39,385 [Forwarding findElement on session 11d8d1d8b625154f08b4a98438a6ec83 to remote] DEBUG org.apache.http.impl.execchain.MainClientExec  - Target auth state: UNCHALLENGED
2017-11-09 10:46:39 2017-11-09 10:46:39,385 [Forwarding findElement on session 11d8d1d8b625154f08b4a98438a6ec83 to remote] DEBUG org.apache.http.impl.execchain.MainClientExec  - Proxy auth state: UNCHALLENGED
2017-11-09 10:46:39 2017-11-09 10:46:39,385 [Forwarding findElement on session 11d8d1d8b625154f08b4a98438a6ec83 to remote] DEBUG org.apache.http.headers  - http-outgoing-2 >> POST /session/11d8d1d8b625154f08b4a98438a6ec83/element HTTP/1.1
2017-11-09 10:46:39 2017-11-09 10:46:39,385 [Forwarding findElement on session 11d8d1d8b625154f08b4a98438a6ec83 to remote] DEBUG org.apache.http.headers  - http-outgoing-2 >> Content-Type: application/json; charset=utf-8
2017-11-09 10:46:39 2017-11-09 10:46:39,385 [Forwarding findElement on session 11d8d1d8b625154f08b4a98438a6ec83 to remote] DEBUG org.apache.http.headers  - http-outgoing-2 >> Content-Length: 70
2017-11-09 10:46:39 2017-11-09 10:46:39,385 [Forwarding findElement on session 11d8d1d8b625154f08b4a98438a6ec83 to remote] DEBUG org.apache.http.headers  - http-outgoing-2 >> Host: localhost:43035
2017-11-09 10:46:39 2017-11-09 10:46:39,386 [Forwarding findElement on session 11d8d1d8b625154f08b4a98438a6ec83 to remote] DEBUG org.apache.http.headers  - http-outgoing-2 >> Connection: Keep-Alive
2017-11-09 10:46:39 2017-11-09 10:46:39,386 [Forwarding findElement on session 11d8d1d8b625154f08b4a98438a6ec83 to remote] DEBUG org.apache.http.headers  - http-outgoing-2 >> User-Agent: Apache-HttpClient/4.5.3 (Java/1.8.0_77)
2017-11-09 10:46:39 2017-11-09 10:46:39,386 [Forwarding findElement on session 11d8d1d8b625154f08b4a98438a6ec83 to remote] DEBUG org.apache.http.headers  - http-outgoing-2 >> Accept-Encoding: gzip,deflate
2017-11-09 10:46:39 2017-11-09 10:46:39,386 [Forwarding findElement on session 11d8d1d8b625154f08b4a98438a6ec83 to remote] DEBUG org.apache.http.wire  - http-outgoing-2 >> "POST /session/11d8d1d8b625154f08b4a98438a6ec83/element HTTP/1.1[\r][\n]"
2017-11-09 10:46:39 2017-11-09 10:46:39,386 [Forwarding findElement on session 11d8d1d8b625154f08b4a98438a6ec83 to remote] DEBUG org.apache.http.wire  - http-outgoing-2 >> "Content-Type: application/json; charset=utf-8[\r][\n]"
2017-11-09 10:46:39 2017-11-09 10:46:39,386 [Forwarding findElement on session 11d8d1d8b625154f08b4a98438a6ec83 to remote] DEBUG org.apache.http.wire  - http-outgoing-2 >> "Content-Length: 70[\r][\n]"
2017-11-09 10:46:39 2017-11-09 10:46:39,386 [Forwarding findElement on session 11d8d1d8b625154f08b4a98438a6ec83 to remote] DEBUG org.apache.http.wire  - http-outgoing-2 >> "Host: localhost:43035[\r][\n]"
2017-11-09 10:46:39 2017-11-09 10:46:39,387 [Forwarding findElement on session 11d8d1d8b625154f08b4a98438a6ec83 to remote] DEBUG org.apache.http.wire  - http-outgoing-2 >> "Connection: Keep-Alive[\r][\n]"
2017-11-09 10:46:39 2017-11-09 10:46:39,387 [Forwarding findElement on session 11d8d1d8b625154f08b4a98438a6ec83 to remote] DEBUG org.apache.http.wire  - http-outgoing-2 >> "User-Agent: Apache-HttpClient/4.5.3 (Java/1.8.0_77)[\r][\n]"
2017-11-09 10:46:39 2017-11-09 10:46:39,387 [Forwarding findElement on session 11d8d1d8b625154f08b4a98438a6ec83 to remote] DEBUG org.apache.http.wire  - http-outgoing-2 >> "Accept-Encoding: gzip,deflate[\r][\n]"
2017-11-09 10:46:39 2017-11-09 10:46:39,387 [Forwarding findElement on session 11d8d1d8b625154f08b4a98438a6ec83 to remote] DEBUG org.apache.http.wire  - http-outgoing-2 >> "[\r][\n]"
2017-11-09 10:46:39 2017-11-09 10:46:39,387 [Forwarding findElement on session 11d8d1d8b625154f08b4a98438a6ec83 to remote] DEBUG org.apache.http.wire  - http-outgoing-2 >> "{"using":"xpath","value":"//input[@id\u003d\u0027identifierId\u0027]"}"
2017-11-09 10:46:39 2017-11-09 10:46:39,409 [Forwarding findElement on session 11d8d1d8b625154f08b4a98438a6ec83 to remote] DEBUG org.apache.http.wire  - http-outgoing-2 << "HTTP/1.1 200 OK[\r][\n]"
2017-11-09 10:46:39 2017-11-09 10:46:39,409 [Forwarding findElement on session 11d8d1d8b625154f08b4a98438a6ec83 to remote] DEBUG org.apache.http.wire  - http-outgoing-2 << "Content-Length:102[\r][\n]"
2017-11-09 10:46:39 2017-11-09 10:46:39,410 [Forwarding findElement on session 11d8d1d8b625154f08b4a98438a6ec83 to remote] DEBUG org.apache.http.wire  - http-outgoing-2 << "Content-Type:application/json; charset=utf-8[\r][\n]"
2017-11-09 10:46:39 2017-11-09 10:46:39,410 [Forwarding findElement on session 11d8d1d8b625154f08b4a98438a6ec83 to remote] DEBUG org.apache.http.wire  - http-outgoing-2 << "Connection:close[\r][\n]"
2017-11-09 10:46:39 2017-11-09 10:46:39,410 [Forwarding findElement on session 11d8d1d8b625154f08b4a98438a6ec83 to remote] DEBUG org.apache.http.wire  - http-outgoing-2 << "[\r][\n]"
2017-11-09 10:46:39 2017-11-09 10:46:39,410 [Forwarding findElement on session 11d8d1d8b625154f08b4a98438a6ec83 to remote] DEBUG org.apache.http.wire  - http-outgoing-2 << "{"sessionId":"11d8d1d8b625154f08b4a98438a6ec83","status":0,"value":{"ELEMENT":"0.7661545669944441-1"}}"
2017-11-09 10:46:39 2017-11-09 10:46:39,410 [Forwarding findElement on session 11d8d1d8b625154f08b4a98438a6ec83 to remote] DEBUG org.apache.http.headers  - http-outgoing-2 << HTTP/1.1 200 OK
2017-11-09 10:46:39 2017-11-09 10:46:39,411 [Forwarding findElement on session 11d8d1d8b625154f08b4a98438a6ec83 to remote] DEBUG org.apache.http.headers  - http-outgoing-2 << Content-Length:102
2017-11-09 10:46:39 2017-11-09 10:46:39,411 [Forwarding findElement on session 11d8d1d8b625154f08b4a98438a6ec83 to remote] DEBUG org.apache.http.headers  - http-outgoing-2 << Content-Type:application/json; charset=utf-8
2017-11-09 10:46:39 2017-11-09 10:46:39,411 [Forwarding findElement on session 11d8d1d8b625154f08b4a98438a6ec83 to remote] DEBUG org.apache.http.headers  - http-outgoing-2 << Connection:close
2017-11-09 10:46:39 2017-11-09 10:46:39,411 [Forwarding findElement on session 11d8d1d8b625154f08b4a98438a6ec83 to remote] DEBUG org.apache.http.impl.conn.DefaultManagedHttpClientConnection  - http-outgoing-2: Close connection
2017-11-09 10:46:39 2017-11-09 10:46:39,411 [Forwarding findElement on session 11d8d1d8b625154f08b4a98438a6ec83 to remote] DEBUG org.apache.http.impl.execchain.MainClientExec  - Connection discarded
2017-11-09 10:46:39 2017-11-09 10:46:39,412 [Forwarding findElement on session 11d8d1d8b625154f08b4a98438a6ec83 to remote] DEBUG org.apache.http.impl.conn.PoolingHttpClientConnectionManager  - Connection released: [id: 2][route: {}->http://localhost:43035][total kept alive: 0; route allocated: 0 of 2000; total allocated: 0 of 2000]
2017-11-09 10:46:39 2017-11-09 10:46:39,416 [Forwarding sendKeysToElement on session 11d8d1d8b625154f08b4a98438a6ec83 to remote] DEBUG org.apache.http.client.protocol.RequestAddCookies  - CookieSpec selected: default
2017-11-09 10:46:39 2017-11-09 10:46:39,416 [Forwarding sendKeysToElement on session 11d8d1d8b625154f08b4a98438a6ec83 to remote] DEBUG org.apache.http.client.protocol.RequestAuthCache  - Auth cache not set in the context
2017-11-09 10:46:39 2017-11-09 10:46:39,416 [Forwarding sendKeysToElement on session 11d8d1d8b625154f08b4a98438a6ec83 to remote] DEBUG org.apache.http.impl.conn.PoolingHttpClientConnectionManager  - Connection request: [route: {}->http://localhost:43035][total kept alive: 0; route allocated: 0 of 2000; total allocated: 0 of 2000]
2017-11-09 10:46:39 2017-11-09 10:46:39,416 [Forwarding sendKeysToElement on session 11d8d1d8b625154f08b4a98438a6ec83 to remote] DEBUG org.apache.http.impl.conn.PoolingHttpClientConnectionManager  - Connection leased: [id: 3][route: {}->http://localhost:43035][total kept alive: 0; route allocated: 1 of 2000; total allocated: 1 of 2000]
2017-11-09 10:46:39 2017-11-09 10:46:39,417 [Forwarding sendKeysToElement on session 11d8d1d8b625154f08b4a98438a6ec83 to remote] DEBUG org.apache.http.impl.execchain.MainClientExec  - Opening connection {}->http://localhost:43035
2017-11-09 10:46:39 2017-11-09 10:46:39,417 [Forwarding sendKeysToElement on session 11d8d1d8b625154f08b4a98438a6ec83 to remote] DEBUG org.apache.http.impl.conn.DefaultHttpClientConnectionOperator  - Connecting to localhost/127.0.0.1:43035
2017-11-09 10:46:39 2017-11-09 10:46:39,417 [Forwarding sendKeysToElement on session 11d8d1d8b625154f08b4a98438a6ec83 to remote] DEBUG org.apache.http.impl.conn.DefaultHttpClientConnectionOperator  - Connection established 127.0.0.1:62419<->127.0.0.1:43035
2017-11-09 10:46:39 2017-11-09 10:46:39,418 [Forwarding sendKeysToElement on session 11d8d1d8b625154f08b4a98438a6ec83 to remote] DEBUG org.apache.http.impl.conn.DefaultManagedHttpClientConnection  - http-outgoing-3: set socket timeout to 10800000
2017-11-09 10:46:39 2017-11-09 10:46:39,418 [Forwarding sendKeysToElement on session 11d8d1d8b625154f08b4a98438a6ec83 to remote] DEBUG org.apache.http.impl.execchain.MainClientExec  - Executing request POST /session/11d8d1d8b625154f08b4a98438a6ec83/element/0.7661545669944441-1/value HTTP/1.1
2017-11-09 10:46:39 2017-11-09 10:46:39,418 [Forwarding sendKeysToElement on session 11d8d1d8b625154f08b4a98438a6ec83 to remote] DEBUG org.apache.http.impl.execchain.MainClientExec  - Target auth state: UNCHALLENGED
2017-11-09 10:46:39 2017-11-09 10:46:39,418 [Forwarding sendKeysToElement on session 11d8d1d8b625154f08b4a98438a6ec83 to remote] DEBUG org.apache.http.impl.execchain.MainClientExec  - Proxy auth state: UNCHALLENGED
2017-11-09 10:46:39 2017-11-09 10:46:39,418 [Forwarding sendKeysToElement on session 11d8d1d8b625154f08b4a98438a6ec83 to remote] DEBUG org.apache.http.headers  - http-outgoing-3 >> POST /session/11d8d1d8b625154f08b4a98438a6ec83/element/0.7661545669944441-1/value HTTP/1.1
2017-11-09 10:46:39 2017-11-09 10:46:39,419 [Forwarding sendKeysToElement on session 11d8d1d8b625154f08b4a98438a6ec83 to remote] DEBUG org.apache.http.headers  - http-outgoing-3 >> Content-Type: application/json; charset=utf-8
2017-11-09 10:46:39 2017-11-09 10:46:39,419 [Forwarding sendKeysToElement on session 11d8d1d8b625154f08b4a98438a6ec83 to remote] DEBUG org.apache.http.headers  - http-outgoing-3 >> Content-Length: 57
2017-11-09 10:46:39 2017-11-09 10:46:39,419 [Forwarding sendKeysToElement on session 11d8d1d8b625154f08b4a98438a6ec83 to remote] DEBUG org.apache.http.headers  - http-outgoing-3 >> Host: localhost:43035
2017-11-09 10:46:39 2017-11-09 10:46:39,419 [Forwarding sendKeysToElement on session 11d8d1d8b625154f08b4a98438a6ec83 to remote] DEBUG org.apache.http.headers  - http-outgoing-3 >> Connection: Keep-Alive
2017-11-09 10:46:39 2017-11-09 10:46:39,419 [Forwarding sendKeysToElement on session 11d8d1d8b625154f08b4a98438a6ec83 to remote] DEBUG org.apache.http.headers  - http-outgoing-3 >> User-Agent: Apache-HttpClient/4.5.3 (Java/1.8.0_77)
2017-11-09 10:46:39 2017-11-09 10:46:39,419 [Forwarding sendKeysToElement on session 11d8d1d8b625154f08b4a98438a6ec83 to remote] DEBUG org.apache.http.headers  - http-outgoing-3 >> Accept-Encoding: gzip,deflate
2017-11-09 10:46:39 2017-11-09 10:46:39,419 [Forwarding sendKeysToElement on session 11d8d1d8b625154f08b4a98438a6ec83 to remote] DEBUG org.apache.http.wire  - http-outgoing-3 >> "POST /session/11d8d1d8b625154f08b4a98438a6ec83/element/0.7661545669944441-1/value HTTP/1.1[\r][\n]"
2017-11-09 10:46:39 2017-11-09 10:46:39,419 [Forwarding sendKeysToElement on session 11d8d1d8b625154f08b4a98438a6ec83 to remote] DEBUG org.apache.http.wire  - http-outgoing-3 >> "Content-Type: application/json; charset=utf-8[\r][\n]"
2017-11-09 10:46:39 2017-11-09 10:46:39,419 [Forwarding sendKeysToElement on session 11d8d1d8b625154f08b4a98438a6ec83 to remote] DEBUG org.apache.http.wire  - http-outgoing-3 >> "Content-Length: 57[\r][\n]"
2017-11-09 10:46:39 2017-11-09 10:46:39,420 [Forwarding sendKeysToElement on session 11d8d1d8b625154f08b4a98438a6ec83 to remote] DEBUG org.apache.http.wire  - http-outgoing-3 >> "Host: localhost:43035[\r][\n]"
2017-11-09 10:46:39 2017-11-09 10:46:39,420 [Forwarding sendKeysToElement on session 11d8d1d8b625154f08b4a98438a6ec83 to remote] DEBUG org.apache.http.wire  - http-outgoing-3 >> "Connection: Keep-Alive[\r][\n]"
2017-11-09 10:46:39 2017-11-09 10:46:39,420 [Forwarding sendKeysToElement on session 11d8d1d8b625154f08b4a98438a6ec83 to remote] DEBUG org.apache.http.wire  - http-outgoing-3 >> "User-Agent: Apache-HttpClient/4.5.3 (Java/1.8.0_77)[\r][\n]"
2017-11-09 10:46:39 2017-11-09 10:46:39,420 [Forwarding sendKeysToElement on session 11d8d1d8b625154f08b4a98438a6ec83 to remote] DEBUG org.apache.http.wire  - http-outgoing-3 >> "Accept-Encoding: gzip,deflate[\r][\n]"
2017-11-09 10:46:39 2017-11-09 10:46:39,420 [Forwarding sendKeysToElement on session 11d8d1d8b625154f08b4a98438a6ec83 to remote] DEBUG org.apache.http.wire  - http-outgoing-3 >> "[\r][\n]"
2017-11-09 10:46:39 2017-11-09 10:46:39,420 [Forwarding sendKeysToElement on session 11d8d1d8b625154f08b4a98438a6ec83 to remote] DEBUG org.apache.http.wire  - http-outgoing-3 >> "{"id":"0.7661545669944441-1","value":["Gurdeepsinghiet"]}"
2017-11-09 10:46:39 2017-11-09 10:46:39,768 [Forwarding sendKeysToElement on session 11d8d1d8b625154f08b4a98438a6ec83 to remote] DEBUG org.apache.http.wire  - http-outgoing-3 << "HTTP/1.1 200 OK[\r][\n]"
2017-11-09 10:46:39 2017-11-09 10:46:39,768 [Forwarding sendKeysToElement on session 11d8d1d8b625154f08b4a98438a6ec83 to remote] DEBUG org.apache.http.wire  - http-outgoing-3 << "Content-Length:72[\r][\n]"
2017-11-09 10:46:39 2017-11-09 10:46:39,768 [Forwarding sendKeysToElement on session 11d8d1d8b625154f08b4a98438a6ec83 to remote] DEBUG org.apache.http.wire  - http-outgoing-3 << "Content-Type:application/json; charset=utf-8[\r][\n]"
2017-11-09 10:46:39 2017-11-09 10:46:39,768 [Forwarding sendKeysToElement on session 11d8d1d8b625154f08b4a98438a6ec83 to remote] DEBUG org.apache.http.wire  - http-outgoing-3 << "Connection:close[\r][\n]"
2017-11-09 10:46:39 2017-11-09 10:46:39,768 [Forwarding sendKeysToElement on session 11d8d1d8b625154f08b4a98438a6ec83 to remote] DEBUG org.apache.http.wire  - http-outgoing-3 << "[\r][\n]"
2017-11-09 10:46:39 2017-11-09 10:46:39,768 [Forwarding sendKeysToElement on session 11d8d1d8b625154f08b4a98438a6ec83 to remote] DEBUG org.apache.http.wire  - http-outgoing-3 << "{"sessionId":"11d8d1d8b625154f08b4a98438a6ec83","status":0,"value":null}"
2017-11-09 10:46:39 2017-11-09 10:46:39,769 [Forwarding sendKeysToElement on session 11d8d1d8b625154f08b4a98438a6ec83 to remote] DEBUG org.apache.http.headers  - http-outgoing-3 << HTTP/1.1 200 OK
2017-11-09 10:46:39 2017-11-09 10:46:39,769 [Forwarding sendKeysToElement on session 11d8d1d8b625154f08b4a98438a6ec83 to remote] DEBUG org.apache.http.headers  - http-outgoing-3 << Content-Length:72
2017-11-09 10:46:39 2017-11-09 10:46:39,769 [Forwarding sendKeysToElement on session 11d8d1d8b625154f08b4a98438a6ec83 to remote] DEBUG org.apache.http.headers  - http-outgoing-3 << Content-Type:application/json; charset=utf-8
2017-11-09 10:46:39 2017-11-09 10:46:39,769 [Forwarding sendKeysToElement on session 11d8d1d8b625154f08b4a98438a6ec83 to remote] DEBUG org.apache.http.headers  - http-outgoing-3 << Connection:close
2017-11-09 10:46:39 2017-11-09 10:46:39,769 [Forwarding sendKeysToElement on session 11d8d1d8b625154f08b4a98438a6ec83 to remote] DEBUG org.apache.http.impl.conn.DefaultManagedHttpClientConnection  - http-outgoing-3: Close connection
2017-11-09 10:46:39 2017-11-09 10:46:39,770 [Forwarding sendKeysToElement on session 11d8d1d8b625154f08b4a98438a6ec83 to remote] DEBUG org.apache.http.impl.execchain.MainClientExec  - Connection discarded
2017-11-09 10:46:39 2017-11-09 10:46:39,770 [Forwarding sendKeysToElement on session 11d8d1d8b625154f08b4a98438a6ec83 to remote] DEBUG org.apache.http.impl.conn.PoolingHttpClientConnectionManager  - Connection released: [id: 3][route: {}->http://localhost:43035][total kept alive: 0; route allocated: 0 of 2000; total allocated: 0 of 2000]
2017-11-09 10:46:39 2017-11-09 10:46:39,772 [Forwarding findElement on session 11d8d1d8b625154f08b4a98438a6ec83 to remote] DEBUG org.apache.http.client.protocol.RequestAddCookies  - CookieSpec selected: default
2017-11-09 10:46:39 2017-11-09 10:46:39,772 [Forwarding findElement on session 11d8d1d8b625154f08b4a98438a6ec83 to remote] DEBUG org.apache.http.client.protocol.RequestAuthCache  - Auth cache not set in the context
2017-11-09 10:46:39 2017-11-09 10:46:39,773 [Forwarding findElement on session 11d8d1d8b625154f08b4a98438a6ec83 to remote] DEBUG org.apache.http.impl.conn.PoolingHttpClientConnectionManager  - Connection request: [route: {}->http://localhost:43035][total kept alive: 0; route allocated: 0 of 2000; total allocated: 0 of 2000]
2017-11-09 10:46:39 2017-11-09 10:46:39,773 [Forwarding findElement on session 11d8d1d8b625154f08b4a98438a6ec83 to remote] DEBUG org.apache.http.impl.conn.PoolingHttpClientConnectionManager  - Connection leased: [id: 4][route: {}->http://localhost:43035][total kept alive: 0; route allocated: 1 of 2000; total allocated: 1 of 2000]
2017-11-09 10:46:39 2017-11-09 10:46:39,773 [Forwarding findElement on session 11d8d1d8b625154f08b4a98438a6ec83 to remote] DEBUG org.apache.http.impl.execchain.MainClientExec  - Opening connection {}->http://localhost:43035
2017-11-09 10:46:39 2017-11-09 10:46:39,773 [Forwarding findElement on session 11d8d1d8b625154f08b4a98438a6ec83 to remote] DEBUG org.apache.http.impl.conn.DefaultHttpClientConnectionOperator  - Connecting to localhost/127.0.0.1:43035
2017-11-09 10:46:39 2017-11-09 10:46:39,775 [Forwarding findElement on session 11d8d1d8b625154f08b4a98438a6ec83 to remote] DEBUG org.apache.http.impl.conn.DefaultHttpClientConnectionOperator  - Connection established 127.0.0.1:62420<->127.0.0.1:43035
2017-11-09 10:46:39 2017-11-09 10:46:39,776 [Forwarding findElement on session 11d8d1d8b625154f08b4a98438a6ec83 to remote] DEBUG org.apache.http.impl.conn.DefaultManagedHttpClientConnection  - http-outgoing-4: set socket timeout to 10800000
2017-11-09 10:46:39 2017-11-09 10:46:39,776 [Forwarding findElement on session 11d8d1d8b625154f08b4a98438a6ec83 to remote] DEBUG org.apache.http.impl.execchain.MainClientExec  - Executing request POST /session/11d8d1d8b625154f08b4a98438a6ec83/element HTTP/1.1
2017-11-09 10:46:39 2017-11-09 10:46:39,776 [Forwarding findElement on session 11d8d1d8b625154f08b4a98438a6ec83 to remote] DEBUG org.apache.http.impl.execchain.MainClientExec  - Target auth state: UNCHALLENGED
2017-11-09 10:46:39 2017-11-09 10:46:39,776 [Forwarding findElement on session 11d8d1d8b625154f08b4a98438a6ec83 to remote] DEBUG org.apache.http.impl.execchain.MainClientExec  - Proxy auth state: UNCHALLENGED
2017-11-09 10:46:39 2017-11-09 10:46:39,776 [Forwarding findElement on session 11d8d1d8b625154f08b4a98438a6ec83 to remote] DEBUG org.apache.http.headers  - http-outgoing-4 >> POST /session/11d8d1d8b625154f08b4a98438a6ec83/element HTTP/1.1
2017-11-09 10:46:39 2017-11-09 10:46:39,777 [Forwarding findElement on session 11d8d1d8b625154f08b4a98438a6ec83 to remote] DEBUG org.apache.http.headers  - http-outgoing-4 >> Content-Type: application/json; charset=utf-8
2017-11-09 10:46:39 2017-11-09 10:46:39,777 [Forwarding findElement on session 11d8d1d8b625154f08b4a98438a6ec83 to remote] DEBUG org.apache.http.headers  - http-outgoing-4 >> Content-Length: 73
2017-11-09 10:46:39 2017-11-09 10:46:39,777 [Forwarding findElement on session 11d8d1d8b625154f08b4a98438a6ec83 to remote] DEBUG org.apache.http.headers  - http-outgoing-4 >> Host: localhost:43035
2017-11-09 10:46:39 2017-11-09 10:46:39,777 [Forwarding findElement on session 11d8d1d8b625154f08b4a98438a6ec83 to remote] DEBUG org.apache.http.headers  - http-outgoing-4 >> Connection: Keep-Alive
2017-11-09 10:46:39 2017-11-09 10:46:39,777 [Forwarding findElement on session 11d8d1d8b625154f08b4a98438a6ec83 to remote] DEBUG org.apache.http.headers  - http-outgoing-4 >> User-Agent: Apache-HttpClient/4.5.3 (Java/1.8.0_77)
2017-11-09 10:46:39 2017-11-09 10:46:39,777 [Forwarding findElement on session 11d8d1d8b625154f08b4a98438a6ec83 to remote] DEBUG org.apache.http.headers  - http-outgoing-4 >> Accept-Encoding: gzip,deflate
2017-11-09 10:46:39 2017-11-09 10:46:39,777 [Forwarding findElement on session 11d8d1d8b625154f08b4a98438a6ec83 to remote] DEBUG org.apache.http.wire  - http-outgoing-4 >> "POST /session/11d8d1d8b625154f08b4a98438a6ec83/element HTTP/1.1[\r][\n]"
2017-11-09 10:46:39 2017-11-09 10:46:39,778 [Forwarding findElement on session 11d8d1d8b625154f08b4a98438a6ec83 to remote] DEBUG org.apache.http.wire  - http-outgoing-4 >> "Content-Type: application/json; charset=utf-8[\r][\n]"
2017-11-09 10:46:39 2017-11-09 10:46:39,778 [Forwarding findElement on session 11d8d1d8b625154f08b4a98438a6ec83 to remote] DEBUG org.apache.http.wire  - http-outgoing-4 >> "Content-Length: 73[\r][\n]"
2017-11-09 10:46:39 2017-11-09 10:46:39,778 [Forwarding findElement on session 11d8d1d8b625154f08b4a98438a6ec83 to remote] DEBUG org.apache.http.wire  - http-outgoing-4 >> "Host: localhost:43035[\r][\n]"
2017-11-09 10:46:39 2017-11-09 10:46:39,778 [Forwarding findElement on session 11d8d1d8b625154f08b4a98438a6ec83 to remote] DEBUG org.apache.http.wire  - http-outgoing-4 >> "Connection: Keep-Alive[\r][\n]"
2017-11-09 10:46:39 2017-11-09 10:46:39,778 [Forwarding findElement on session 11d8d1d8b625154f08b4a98438a6ec83 to remote] DEBUG org.apache.http.wire  - http-outgoing-4 >> "User-Agent: Apache-HttpClient/4.5.3 (Java/1.8.0_77)[\r][\n]"
2017-11-09 10:46:39 2017-11-09 10:46:39,778 [Forwarding findElement on session 11d8d1d8b625154f08b4a98438a6ec83 to remote] DEBUG org.apache.http.wire  - http-outgoing-4 >> "Accept-Encoding: gzip,deflate[\r][\n]"
2017-11-09 10:46:39 2017-11-09 10:46:39,778 [Forwarding findElement on session 11d8d1d8b625154f08b4a98438a6ec83 to remote] DEBUG org.apache.http.wire  - http-outgoing-4 >> "[\r][\n]"
2017-11-09 10:46:39 2017-11-09 10:46:39,779 [Forwarding findElement on session 11d8d1d8b625154f08b4a98438a6ec83 to remote] DEBUG org.apache.http.wire  - http-outgoing-4 >> "{"using":"xpath","value":"//span[@class\u003d\u0027RveJvd snByac\u0027]"}"
2017-11-09 10:46:39 2017-11-09 10:46:39,797 [Forwarding findElement on session 11d8d1d8b625154f08b4a98438a6ec83 to remote] DEBUG org.apache.http.wire  - http-outgoing-4 << "HTTP/1.1 200 OK[\r][\n]"
2017-11-09 10:46:39 2017-11-09 10:46:39,798 [Forwarding findElement on session 11d8d1d8b625154f08b4a98438a6ec83 to remote] DEBUG org.apache.http.wire  - http-outgoing-4 << "Content-Length:102[\r][\n]"
2017-11-09 10:46:39 2017-11-09 10:46:39,798 [Forwarding findElement on session 11d8d1d8b625154f08b4a98438a6ec83 to remote] DEBUG org.apache.http.wire  - http-outgoing-4 << "Content-Type:application/json; charset=utf-8[\r][\n]"
2017-11-09 10:46:39 2017-11-09 10:46:39,798 [Forwarding findElement on session 11d8d1d8b625154f08b4a98438a6ec83 to remote] DEBUG org.apache.http.wire  - http-outgoing-4 << "Connection:close[\r][\n]"
2017-11-09 10:46:39 2017-11-09 10:46:39,798 [Forwarding findElement on session 11d8d1d8b625154f08b4a98438a6ec83 to remote] DEBUG org.apache.http.wire  - http-outgoing-4 << "[\r][\n]"
2017-11-09 10:46:39 2017-11-09 10:46:39,798 [Forwarding findElement on session 11d8d1d8b625154f08b4a98438a6ec83 to remote] DEBUG org.apache.http.wire  - http-outgoing-4 << "{"sessionId":"11d8d1d8b625154f08b4a98438a6ec83","status":0,"value":{"ELEMENT":"0.7661545669944441-2"}}"
2017-11-09 10:46:39 2017-11-09 10:46:39,798 [Forwarding findElement on session 11d8d1d8b625154f08b4a98438a6ec83 to remote] DEBUG org.apache.http.headers  - http-outgoing-4 << HTTP/1.1 200 OK
2017-11-09 10:46:39 2017-11-09 10:46:39,798 [Forwarding findElement on session 11d8d1d8b625154f08b4a98438a6ec83 to remote] DEBUG org.apache.http.headers  - http-outgoing-4 << Content-Length:102
2017-11-09 10:46:39 2017-11-09 10:46:39,799 [Forwarding findElement on session 11d8d1d8b625154f08b4a98438a6ec83 to remote] DEBUG org.apache.http.headers  - http-outgoing-4 << Content-Type:application/json; charset=utf-8
2017-11-09 10:46:39 2017-11-09 10:46:39,799 [Forwarding findElement on session 11d8d1d8b625154f08b4a98438a6ec83 to remote] DEBUG org.apache.http.headers  - http-outgoing-4 << Connection:close
2017-11-09 10:46:39 2017-11-09 10:46:39,799 [Forwarding findElement on session 11d8d1d8b625154f08b4a98438a6ec83 to remote] DEBUG org.apache.http.impl.conn.DefaultManagedHttpClientConnection  - http-outgoing-4: Close connection
2017-11-09 10:46:39 2017-11-09 10:46:39,799 [Forwarding findElement on session 11d8d1d8b625154f08b4a98438a6ec83 to remote] DEBUG org.apache.http.impl.execchain.MainClientExec  - Connection discarded
2017-11-09 10:46:39 2017-11-09 10:46:39,800 [Forwarding findElement on session 11d8d1d8b625154f08b4a98438a6ec83 to remote] DEBUG org.apache.http.impl.conn.PoolingHttpClientConnectionManager  - Connection released: [id: 4][route: {}->http://localhost:43035][total kept alive: 0; route allocated: 0 of 2000; total allocated: 0 of 2000]
2017-11-09 10:46:39 2017-11-09 10:46:39,801 [Forwarding clickElement on session 11d8d1d8b625154f08b4a98438a6ec83 to remote] DEBUG org.apache.http.client.protocol.RequestAddCookies  - CookieSpec selected: default
2017-11-09 10:46:39 2017-11-09 10:46:39,802 [Forwarding clickElement on session 11d8d1d8b625154f08b4a98438a6ec83 to remote] DEBUG org.apache.http.client.protocol.RequestAuthCache  - Auth cache not set in the context
2017-11-09 10:46:39 2017-11-09 10:46:39,802 [Forwarding clickElement on session 11d8d1d8b625154f08b4a98438a6ec83 to remote] DEBUG org.apache.http.impl.conn.PoolingHttpClientConnectionManager  - Connection request: [route: {}->http://localhost:43035][total kept alive: 0; route allocated: 0 of 2000; total allocated: 0 of 2000]
2017-11-09 10:46:39 2017-11-09 10:46:39,802 [Forwarding clickElement on session 11d8d1d8b625154f08b4a98438a6ec83 to remote] DEBUG org.apache.http.impl.conn.PoolingHttpClientConnectionManager  - Connection leased: [id: 5][route: {}->http://localhost:43035][total kept alive: 0; route allocated: 1 of 2000; total allocated: 1 of 2000]
2017-11-09 10:46:39 2017-11-09 10:46:39,802 [Forwarding clickElement on session 11d8d1d8b625154f08b4a98438a6ec83 to remote] DEBUG org.apache.http.impl.execchain.MainClientExec  - Opening connection {}->http://localhost:43035
2017-11-09 10:46:39 2017-11-09 10:46:39,803 [Forwarding clickElement on session 11d8d1d8b625154f08b4a98438a6ec83 to remote] DEBUG org.apache.http.impl.conn.DefaultHttpClientConnectionOperator  - Connecting to localhost/127.0.0.1:43035
2017-11-09 10:46:39 2017-11-09 10:46:39,803 [Forwarding clickElement on session 11d8d1d8b625154f08b4a98438a6ec83 to remote] DEBUG org.apache.http.impl.conn.DefaultHttpClientConnectionOperator  - Connection established 127.0.0.1:62421<->127.0.0.1:43035
2017-11-09 10:46:39 2017-11-09 10:46:39,804 [Forwarding clickElement on session 11d8d1d8b625154f08b4a98438a6ec83 to remote] DEBUG org.apache.http.impl.conn.DefaultManagedHttpClientConnection  - http-outgoing-5: set socket timeout to 10800000
2017-11-09 10:46:39 2017-11-09 10:46:39,804 [Forwarding clickElement on session 11d8d1d8b625154f08b4a98438a6ec83 to remote] DEBUG org.apache.http.impl.execchain.MainClientExec  - Executing request POST /session/11d8d1d8b625154f08b4a98438a6ec83/element/0.7661545669944441-2/click HTTP/1.1
2017-11-09 10:46:39 2017-11-09 10:46:39,804 [Forwarding clickElement on session 11d8d1d8b625154f08b4a98438a6ec83 to remote] DEBUG org.apache.http.impl.execchain.MainClientExec  - Target auth state: UNCHALLENGED
2017-11-09 10:46:39 2017-11-09 10:46:39,804 [Forwarding clickElement on session 11d8d1d8b625154f08b4a98438a6ec83 to remote] DEBUG org.apache.http.impl.execchain.MainClientExec  - Proxy auth state: UNCHALLENGED
2017-11-09 10:46:39 2017-11-09 10:46:39,804 [Forwarding clickElement on session 11d8d1d8b625154f08b4a98438a6ec83 to remote] DEBUG org.apache.http.headers  - http-outgoing-5 >> POST /session/11d8d1d8b625154f08b4a98438a6ec83/element/0.7661545669944441-2/click HTTP/1.1
2017-11-09 10:46:39 2017-11-09 10:46:39,804 [Forwarding clickElement on session 11d8d1d8b625154f08b4a98438a6ec83 to remote] DEBUG org.apache.http.headers  - http-outgoing-5 >> Content-Type: application/json; charset=utf-8
2017-11-09 10:46:39 2017-11-09 10:46:39,804 [Forwarding clickElement on session 11d8d1d8b625154f08b4a98438a6ec83 to remote] DEBUG org.apache.http.headers  - http-outgoing-5 >> Content-Length: 29
2017-11-09 10:46:39 2017-11-09 10:46:39,805 [Forwarding clickElement on session 11d8d1d8b625154f08b4a98438a6ec83 to remote] DEBUG org.apache.http.headers  - http-outgoing-5 >> Host: localhost:43035
2017-11-09 10:46:39 2017-11-09 10:46:39,805 [Forwarding clickElement on session 11d8d1d8b625154f08b4a98438a6ec83 to remote] DEBUG org.apache.http.headers  - http-outgoing-5 >> Connection: Keep-Alive
2017-11-09 10:46:39 2017-11-09 10:46:39,805 [Forwarding clickElement on session 11d8d1d8b625154f08b4a98438a6ec83 to remote] DEBUG org.apache.http.headers  - http-outgoing-5 >> User-Agent: Apache-HttpClient/4.5.3 (Java/1.8.0_77)
2017-11-09 10:46:39 2017-11-09 10:46:39,805 [Forwarding clickElement on session 11d8d1d8b625154f08b4a98438a6ec83 to remote] DEBUG org.apache.http.headers  - http-outgoing-5 >> Accept-Encoding: gzip,deflate
2017-11-09 10:46:39 2017-11-09 10:46:39,805 [Forwarding clickElement on session 11d8d1d8b625154f08b4a98438a6ec83 to remote] DEBUG org.apache.http.wire  - http-outgoing-5 >> "POST /session/11d8d1d8b625154f08b4a98438a6ec83/element/0.7661545669944441-2/click HTTP/1.1[\r][\n]"
2017-11-09 10:46:39 2017-11-09 10:46:39,806 [Forwarding clickElement on session 11d8d1d8b625154f08b4a98438a6ec83 to remote] DEBUG org.apache.http.wire  - http-outgoing-5 >> "Content-Type: application/json; charset=utf-8[\r][\n]"
2017-11-09 10:46:39 2017-11-09 10:46:39,806 [Forwarding clickElement on session 11d8d1d8b625154f08b4a98438a6ec83 to remote] DEBUG org.apache.http.wire  - http-outgoing-5 >> "Content-Length: 29[\r][\n]"
2017-11-09 10:46:39 2017-11-09 10:46:39,806 [Forwarding clickElement on session 11d8d1d8b625154f08b4a98438a6ec83 to remote] DEBUG org.apache.http.wire  - http-outgoing-5 >> "Host: localhost:43035[\r][\n]"
2017-11-09 10:46:39 2017-11-09 10:46:39,806 [Forwarding clickElement on session 11d8d1d8b625154f08b4a98438a6ec83 to remote] DEBUG org.apache.http.wire  - http-outgoing-5 >> "Connection: Keep-Alive[\r][\n]"
2017-11-09 10:46:39 2017-11-09 10:46:39,806 [Forwarding clickElement on session 11d8d1d8b625154f08b4a98438a6ec83 to remote] DEBUG org.apache.http.wire  - http-outgoing-5 >> "User-Agent: Apache-HttpClient/4.5.3 (Java/1.8.0_77)[\r][\n]"
2017-11-09 10:46:39 2017-11-09 10:46:39,806 [Forwarding clickElement on session 11d8d1d8b625154f08b4a98438a6ec83 to remote] DEBUG org.apache.http.wire  - http-outgoing-5 >> "Accept-Encoding: gzip,deflate[\r][\n]"
2017-11-09 10:46:39 2017-11-09 10:46:39,807 [Forwarding clickElement on session 11d8d1d8b625154f08b4a98438a6ec83 to remote] DEBUG org.apache.http.wire  - http-outgoing-5 >> "[\r][\n]"
2017-11-09 10:46:39 2017-11-09 10:46:39,807 [Forwarding clickElement on session 11d8d1d8b625154f08b4a98438a6ec83 to remote] DEBUG org.apache.http.wire  - http-outgoing-5 >> "{"id":"0.7661545669944441-2"}"
2017-11-09 10:46:39 2017-11-09 10:46:39,926 [Forwarding clickElement on session 11d8d1d8b625154f08b4a98438a6ec83 to remote] DEBUG org.apache.http.wire  - http-outgoing-5 << "HTTP/1.1 200 OK[\r][\n]"
2017-11-09 10:46:39 2017-11-09 10:46:39,926 [Forwarding clickElement on session 11d8d1d8b625154f08b4a98438a6ec83 to remote] DEBUG org.apache.http.wire  - http-outgoing-5 << "Content-Length:72[\r][\n]"
2017-11-09 10:46:39 2017-11-09 10:46:39,926 [Forwarding clickElement on session 11d8d1d8b625154f08b4a98438a6ec83 to remote] DEBUG org.apache.http.wire  - http-outgoing-5 << "Content-Type:application/json; charset=utf-8[\r][\n]"
2017-11-09 10:46:39 2017-11-09 10:46:39,926 [Forwarding clickElement on session 11d8d1d8b625154f08b4a98438a6ec83 to remote] DEBUG org.apache.http.wire  - http-outgoing-5 << "Connection:close[\r][\n]"
2017-11-09 10:46:39 2017-11-09 10:46:39,926 [Forwarding clickElement on session 11d8d1d8b625154f08b4a98438a6ec83 to remote] DEBUG org.apache.http.wire  - http-outgoing-5 << "[\r][\n]"
2017-11-09 10:46:39 2017-11-09 10:46:39,926 [Forwarding clickElement on session 11d8d1d8b625154f08b4a98438a6ec83 to remote] DEBUG org.apache.http.wire  - http-outgoing-5 << "{"sessionId":"11d8d1d8b625154f08b4a98438a6ec83","status":0,"value":null}"
2017-11-09 10:46:39 2017-11-09 10:46:39,927 [Forwarding clickElement on session 11d8d1d8b625154f08b4a98438a6ec83 to remote] DEBUG org.apache.http.headers  - http-outgoing-5 << HTTP/1.1 200 OK
2017-11-09 10:46:39 2017-11-09 10:46:39,927 [Forwarding clickElement on session 11d8d1d8b625154f08b4a98438a6ec83 to remote] DEBUG org.apache.http.headers  - http-outgoing-5 << Content-Length:72
2017-11-09 10:46:39 2017-11-09 10:46:39,927 [Forwarding clickElement on session 11d8d1d8b625154f08b4a98438a6ec83 to remote] DEBUG org.apache.http.headers  - http-outgoing-5 << Content-Type:application/json; charset=utf-8
2017-11-09 10:46:39 2017-11-09 10:46:39,927 [Forwarding clickElement on session 11d8d1d8b625154f08b4a98438a6ec83 to remote] DEBUG org.apache.http.headers  - http-outgoing-5 << Connection:close
2017-11-09 10:46:39 2017-11-09 10:46:39,927 [Forwarding clickElement on session 11d8d1d8b625154f08b4a98438a6ec83 to remote] DEBUG org.apache.http.impl.conn.DefaultManagedHttpClientConnection  - http-outgoing-5: Close connection
2017-11-09 10:46:39 2017-11-09 10:46:39,928 [Forwarding clickElement on session 11d8d1d8b625154f08b4a98438a6ec83 to remote] DEBUG org.apache.http.impl.execchain.MainClientExec  - Connection discarded
2017-11-09 10:46:39 2017-11-09 10:46:39,928 [Forwarding clickElement on session 11d8d1d8b625154f08b4a98438a6ec83 to remote] DEBUG org.apache.http.impl.conn.PoolingHttpClientConnectionManager  - Connection released: [id: 5][route: {}->http://localhost:43035][total kept alive: 0; route allocated: 0 of 2000; total allocated: 0 of 2000]
2017-11-09 10:46:39 2017-11-09 10:46:39,929 [main] INFO  com.auto.Automation  - automation donr
2017-11-09 10:46:49 2017-11-09 10:46:49,931 [Forwarding quit on session 11d8d1d8b625154f08b4a98438a6ec83 to remote] DEBUG org.apache.http.client.protocol.RequestAddCookies  - CookieSpec selected: default
2017-11-09 10:46:49 2017-11-09 10:46:49,932 [Forwarding quit on session 11d8d1d8b625154f08b4a98438a6ec83 to remote] DEBUG org.apache.http.client.protocol.RequestAuthCache  - Auth cache not set in the context
2017-11-09 10:46:49 2017-11-09 10:46:49,932 [Forwarding quit on session 11d8d1d8b625154f08b4a98438a6ec83 to remote] DEBUG org.apache.http.impl.conn.PoolingHttpClientConnectionManager  - Connection request: [route: {}->http://localhost:43035][total kept alive: 0; route allocated: 0 of 2000; total allocated: 0 of 2000]
2017-11-09 10:46:49 2017-11-09 10:46:49,933 [Forwarding quit on session 11d8d1d8b625154f08b4a98438a6ec83 to remote] DEBUG org.apache.http.impl.conn.PoolingHttpClientConnectionManager  - Connection leased: [id: 6][route: {}->http://localhost:43035][total kept alive: 0; route allocated: 1 of 2000; total allocated: 1 of 2000]
2017-11-09 10:46:49 2017-11-09 10:46:49,933 [Forwarding quit on session 11d8d1d8b625154f08b4a98438a6ec83 to remote] DEBUG org.apache.http.impl.execchain.MainClientExec  - Opening connection {}->http://localhost:43035
2017-11-09 10:46:49 2017-11-09 10:46:49,933 [Forwarding quit on session 11d8d1d8b625154f08b4a98438a6ec83 to remote] DEBUG org.apache.http.impl.conn.DefaultHttpClientConnectionOperator  - Connecting to localhost/127.0.0.1:43035
2017-11-09 10:46:49 2017-11-09 10:46:49,934 [Forwarding quit on session 11d8d1d8b625154f08b4a98438a6ec83 to remote] DEBUG org.apache.http.impl.conn.DefaultHttpClientConnectionOperator  - Connection established 127.0.0.1:62423<->127.0.0.1:43035
2017-11-09 10:46:49 2017-11-09 10:46:49,934 [Forwarding quit on session 11d8d1d8b625154f08b4a98438a6ec83 to remote] DEBUG org.apache.http.impl.conn.DefaultManagedHttpClientConnection  - http-outgoing-6: set socket timeout to 10800000
2017-11-09 10:46:49 2017-11-09 10:46:49,935 [Forwarding quit on session 11d8d1d8b625154f08b4a98438a6ec83 to remote] DEBUG org.apache.http.impl.execchain.MainClientExec  - Executing request DELETE /session/11d8d1d8b625154f08b4a98438a6ec83 HTTP/1.1
2017-11-09 10:46:49 2017-11-09 10:46:49,935 [Forwarding quit on session 11d8d1d8b625154f08b4a98438a6ec83 to remote] DEBUG org.apache.http.impl.execchain.MainClientExec  - Target auth state: UNCHALLENGED
2017-11-09 10:46:49 2017-11-09 10:46:49,935 [Forwarding quit on session 11d8d1d8b625154f08b4a98438a6ec83 to remote] DEBUG org.apache.http.impl.execchain.MainClientExec  - Proxy auth state: UNCHALLENGED
2017-11-09 10:46:49 2017-11-09 10:46:49,935 [Forwarding quit on session 11d8d1d8b625154f08b4a98438a6ec83 to remote] DEBUG org.apache.http.headers  - http-outgoing-6 >> DELETE /session/11d8d1d8b625154f08b4a98438a6ec83 HTTP/1.1
2017-11-09 10:46:49 2017-11-09 10:46:49,935 [Forwarding quit on session 11d8d1d8b625154f08b4a98438a6ec83 to remote] DEBUG org.apache.http.headers  - http-outgoing-6 >> Host: localhost:43035
2017-11-09 10:46:49 2017-11-09 10:46:49,936 [Forwarding quit on session 11d8d1d8b625154f08b4a98438a6ec83 to remote] DEBUG org.apache.http.headers  - http-outgoing-6 >> Connection: Keep-Alive
2017-11-09 10:46:49 2017-11-09 10:46:49,936 [Forwarding quit on session 11d8d1d8b625154f08b4a98438a6ec83 to remote] DEBUG org.apache.http.headers  - http-outgoing-6 >> User-Agent: Apache-HttpClient/4.5.3 (Java/1.8.0_77)
2017-11-09 10:46:49 2017-11-09 10:46:49,936 [Forwarding quit on session 11d8d1d8b625154f08b4a98438a6ec83 to remote] DEBUG org.apache.http.headers  - http-outgoing-6 >> Accept-Encoding: gzip,deflate
2017-11-09 10:46:49 2017-11-09 10:46:49,936 [Forwarding quit on session 11d8d1d8b625154f08b4a98438a6ec83 to remote] DEBUG org.apache.http.wire  - http-outgoing-6 >> "DELETE /session/11d8d1d8b625154f08b4a98438a6ec83 HTTP/1.1[\r][\n]"
2017-11-09 10:46:49 2017-11-09 10:46:49,936 [Forwarding quit on session 11d8d1d8b625154f08b4a98438a6ec83 to remote] DEBUG org.apache.http.wire  - http-outgoing-6 >> "Host: localhost:43035[\r][\n]"
2017-11-09 10:46:49 2017-11-09 10:46:49,936 [Forwarding quit on session 11d8d1d8b625154f08b4a98438a6ec83 to remote] DEBUG org.apache.http.wire  - http-outgoing-6 >> "Connection: Keep-Alive[\r][\n]"
2017-11-09 10:46:49 2017-11-09 10:46:49,936 [Forwarding quit on session 11d8d1d8b625154f08b4a98438a6ec83 to remote] DEBUG org.apache.http.wire  - http-outgoing-6 >> "User-Agent: Apache-HttpClient/4.5.3 (Java/1.8.0_77)[\r][\n]"
2017-11-09 10:46:49 2017-11-09 10:46:49,936 [Forwarding quit on session 11d8d1d8b625154f08b4a98438a6ec83 to remote] DEBUG org.apache.http.wire  - http-outgoing-6 >> "Accept-Encoding: gzip,deflate[\r][\n]"
2017-11-09 10:46:49 2017-11-09 10:46:49,936 [Forwarding quit on session 11d8d1d8b625154f08b4a98438a6ec83 to remote] DEBUG org.apache.http.wire  - http-outgoing-6 >> "[\r][\n]"
2017-11-09 10:46:49 2017-11-09 10:46:49,984 [Forwarding quit on session 11d8d1d8b625154f08b4a98438a6ec83 to remote] DEBUG org.apache.http.wire  - http-outgoing-6 << "HTTP/1.1 200 OK[\r][\n]"
2017-11-09 10:46:49 2017-11-09 10:46:49,984 [Forwarding quit on session 11d8d1d8b625154f08b4a98438a6ec83 to remote] DEBUG org.apache.http.wire  - http-outgoing-6 << "Content-Length:72[\r][\n]"
2017-11-09 10:46:49 2017-11-09 10:46:49,984 [Forwarding quit on session 11d8d1d8b625154f08b4a98438a6ec83 to remote] DEBUG org.apache.http.wire  - http-outgoing-6 << "Content-Type:application/json; charset=utf-8[\r][\n]"
2017-11-09 10:46:49 2017-11-09 10:46:49,984 [Forwarding quit on session 11d8d1d8b625154f08b4a98438a6ec83 to remote] DEBUG org.apache.http.wire  - http-outgoing-6 << "Connection:close[\r][\n]"
2017-11-09 10:46:49 2017-11-09 10:46:49,985 [Forwarding quit on session 11d8d1d8b625154f08b4a98438a6ec83 to remote] DEBUG org.apache.http.wire  - http-outgoing-6 << "[\r][\n]"
2017-11-09 10:46:49 2017-11-09 10:46:49,985 [Forwarding quit on session 11d8d1d8b625154f08b4a98438a6ec83 to remote] DEBUG org.apache.http.wire  - http-outgoing-6 << "{"sessionId":"11d8d1d8b625154f08b4a98438a6ec83","status":0,"value":null}"
2017-11-09 10:46:49 2017-11-09 10:46:49,985 [Forwarding quit on session 11d8d1d8b625154f08b4a98438a6ec83 to remote] DEBUG org.apache.http.headers  - http-outgoing-6 << HTTP/1.1 200 OK
2017-11-09 10:46:49 2017-11-09 10:46:49,985 [Forwarding quit on session 11d8d1d8b625154f08b4a98438a6ec83 to remote] DEBUG org.apache.http.headers  - http-outgoing-6 << Content-Length:72
2017-11-09 10:46:49 2017-11-09 10:46:49,985 [Forwarding quit on session 11d8d1d8b625154f08b4a98438a6ec83 to remote] DEBUG org.apache.http.headers  - http-outgoing-6 << Content-Type:application/json; charset=utf-8
2017-11-09 10:46:49 2017-11-09 10:46:49,986 [Forwarding quit on session 11d8d1d8b625154f08b4a98438a6ec83 to remote] DEBUG org.apache.http.headers  - http-outgoing-6 << Connection:close
2017-11-09 10:46:49 2017-11-09 10:46:49,986 [Forwarding quit on session 11d8d1d8b625154f08b4a98438a6ec83 to remote] DEBUG org.apache.http.impl.conn.DefaultManagedHttpClientConnection  - http-outgoing-6: Close connection
2017-11-09 10:46:49 2017-11-09 10:46:49,987 [Forwarding quit on session 11d8d1d8b625154f08b4a98438a6ec83 to remote] DEBUG org.apache.http.impl.execchain.MainClientExec  - Connection discarded
2017-11-09 10:46:49 2017-11-09 10:46:49,987 [Forwarding quit on session 11d8d1d8b625154f08b4a98438a6ec83 to remote] DEBUG org.apache.http.impl.conn.PoolingHttpClientConnectionManager  - Connection released: [id: 6][route: {}->http://localhost:43035][total kept alive: 0; route allocated: 0 of 2000; total allocated: 0 of 2000]
2017-11-09 10:46:49 2017-11-09 10:46:49,989 [Forwarding quit on session 11d8d1d8b625154f08b4a98438a6ec83 to remote] DEBUG org.apache.http.impl.conn.PoolingHttpClientConnectionManager  - Closing connections idle longer than 0 SECONDS
